<?xml version="1.0" encoding="UTF-8"?>
<robot generator="Robot 7.1 (Python 3.11.4 on win32)" generated="2024-09-25T19:27:55.298624" rpa="false" schemaversion="5">
<suite id="s1" name="Restful Booker" source="C:\Users\jason\PycharmProjects\robot_test_framework\Jason_Robot_Framework\tests\API\restful_booker.robot">
<kw name="Authenticate as Admin" type="SETUP">
<kw name="Create Dictionary" owner="BuiltIn">
<msg time="2024-09-25T19:27:55.684574" level="INFO">${body} = {'username': 'admin', 'password': 'password123'}</msg>
<var>${body}</var>
<arg>username=admin</arg>
<arg>password=password123</arg>
<doc>Creates and returns a dictionary based on the given ``items``.</doc>
<status status="PASS" start="2024-09-25T19:27:55.684574" elapsed="0.000000"/>
</kw>
<kw name="POST" owner="RequestsLibrary">
<msg time="2024-09-25T19:27:56.143707" level="INFO">POST Request : url=https://restful-booker.herokuapp.com/auth 
 path_url=/auth 
 headers={'User-Agent': 'python-requests/2.32.3', 'Accept-Encoding': 'gzip, deflate', 'Accept': '*/*', 'Connection': 'keep-alive', 'Content-Length': '48', 'Content-Type': 'application/json'} 
 body=b'{"username": "admin", "password": "password123"}' 
 </msg>
<msg time="2024-09-25T19:27:56.143707" level="INFO">POST Response : url=https://restful-booker.herokuapp.com/auth 
 status=200, reason=OK 
 headers={'Server': 'Cowboy', 'Report-To': '{"group":"heroku-nel","max_age":3600,"endpoints":[{"url":"https://nel.heroku.com/reports?ts=1727288876&amp;sid=c46efe9b-d3d2-4a0c-8c76-bfafa16c5add&amp;s=WaTfwWUkx7%2FtzUDJYjlAk6L62Su4%2Fvt2lTl2LMwvsik%3D"}]}', 'Reporting-Endpoints': 'heroku-nel=https://nel.heroku.com/reports?ts=1727288876&amp;sid=c46efe9b-d3d2-4a0c-8c76-bfafa16c5add&amp;s=WaTfwWUkx7%2FtzUDJYjlAk6L62Su4%2Fvt2lTl2LMwvsik%3D', 'Nel': '{"report_to":"heroku-nel","max_age":3600,"success_fraction":0.005,"failure_fraction":0.05,"response_headers":["Via"]}', 'Connection': 'keep-alive', 'X-Powered-By': 'Express', 'Content-Type': 'application/json; charset=utf-8', 'Content-Length': '27', 'Etag': 'W/"1b-y/XNkli5SOHb74c3GWHn9vet8e8"', 'Date': 'Wed, 25 Sep 2024 18:27:56 GMT', 'Via': '1.1 vegur'} 
 body={"token":"9853f6f6a829ab3"} 
 </msg>
<msg time="2024-09-25T19:27:56.143707" level="INFO">${response} = &lt;Response [200]&gt;</msg>
<var>${response}</var>
<arg>url=https://restful-booker.herokuapp.com/auth</arg>
<arg>json=${body}</arg>
<doc>Sends a POST request.</doc>
<status status="PASS" start="2024-09-25T19:27:55.685571" elapsed="0.458136"/>
</kw>
<kw name="Log" owner="BuiltIn">
<msg time="2024-09-25T19:27:56.145700" level="INFO">{'token': '9853f6f6a829ab3'}</msg>
<arg>${response.json()}</arg>
<doc>Logs the given message with the given level.</doc>
<status status="PASS" start="2024-09-25T19:27:56.144703" elapsed="0.000997"/>
</kw>
<kw name="Dictionary Should Contain Key" owner="Collections">
<arg>${response.json()}</arg>
<arg>token</arg>
<doc>Fails if ``key`` is not found from ``dictionary``.</doc>
<status status="PASS" start="2024-09-25T19:27:56.145700" elapsed="0.000997"/>
</kw>
<kw name="Set Variable" owner="BuiltIn">
<msg time="2024-09-25T19:27:56.147695" level="INFO">${token} = 9853f6f6a829ab3</msg>
<var>${token}</var>
<arg>${response.json()}[token]</arg>
<doc>Returns the given values which can then be assigned to a variables.</doc>
<status status="PASS" start="2024-09-25T19:27:56.147695" elapsed="0.000000"/>
</kw>
<kw name="Log" owner="BuiltIn">
<msg time="2024-09-25T19:27:56.148692" level="INFO">9853f6f6a829ab3</msg>
<arg>${token}</arg>
<doc>Logs the given message with the given level.</doc>
<status status="PASS" start="2024-09-25T19:27:56.148692" elapsed="0.000000"/>
</kw>
<kw name="Set Suite Variable" owner="BuiltIn">
<msg time="2024-09-25T19:27:56.149689" level="INFO">${token} = 9853f6f6a829ab3</msg>
<arg>${token}</arg>
<doc>Makes a variable available everywhere within the scope of the current suite.</doc>
<status status="PASS" start="2024-09-25T19:27:56.148692" elapsed="0.000997"/>
</kw>
<status status="PASS" start="2024-09-25T19:27:55.684574" elapsed="0.465115"/>
</kw>
<test id="s1-t1" name="Health Check - Ping" line="12">
<kw name="GET" owner="RequestsLibrary">
<msg time="2024-09-25T19:27:56.536227" level="INFO">GET Request : url=https://restful-booker.herokuapp.com/ping 
 path_url=/ping 
 headers={'User-Agent': 'python-requests/2.32.3', 'Accept-Encoding': 'gzip, deflate', 'Accept': '*/*', 'Connection': 'keep-alive'} 
 body=None 
 </msg>
<msg time="2024-09-25T19:27:56.536227" level="INFO">GET Response : url=https://restful-booker.herokuapp.com/ping 
 status=201, reason=Created 
 headers={'Server': 'Cowboy', 'Report-To': '{"group":"heroku-nel","max_age":3600,"endpoints":[{"url":"https://nel.heroku.com/reports?ts=1727288876&amp;sid=c46efe9b-d3d2-4a0c-8c76-bfafa16c5add&amp;s=WaTfwWUkx7%2FtzUDJYjlAk6L62Su4%2Fvt2lTl2LMwvsik%3D"}]}', 'Reporting-Endpoints': 'heroku-nel=https://nel.heroku.com/reports?ts=1727288876&amp;sid=c46efe9b-d3d2-4a0c-8c76-bfafa16c5add&amp;s=WaTfwWUkx7%2FtzUDJYjlAk6L62Su4%2Fvt2lTl2LMwvsik%3D', 'Nel': '{"report_to":"heroku-nel","max_age":3600,"success_fraction":0.005,"failure_fraction":0.05,"response_headers":["Via"]}', 'Connection': 'keep-alive', 'X-Powered-By': 'Express', 'Content-Type': 'text/plain; charset=utf-8', 'Content-Length': '7', 'Etag': 'W/"7-rM9AyJuqT6iOan/xHh+AW+7K/T8"', 'Date': 'Wed, 25 Sep 2024 18:27:56 GMT', 'Via': '1.1 vegur'} 
 body=Created 
 </msg>
<msg time="2024-09-25T19:27:56.537231" level="INFO">${response} = &lt;Response [201]&gt;</msg>
<var>${response}</var>
<arg>https://restful-booker.herokuapp.com/ping</arg>
<doc>Sends a GET request.</doc>
<status status="PASS" start="2024-09-25T19:27:56.150640" elapsed="0.386591"/>
</kw>
<kw name="Log" owner="BuiltIn">
<msg time="2024-09-25T19:27:56.537231" level="INFO">&lt;Response [201]&gt;</msg>
<arg>${response}</arg>
<doc>Logs the given message with the given level.</doc>
<status status="PASS" start="2024-09-25T19:27:56.537231" elapsed="0.000996"/>
</kw>
<kw name="Status Should Be" owner="RequestsLibrary">
<arg>201</arg>
<doc>Fails if response status code is different than the expected.</doc>
<status status="PASS" start="2024-09-25T19:27:56.538227" elapsed="0.000000"/>
</kw>
<kw name="Should Be Equal" owner="BuiltIn">
<arg>${response.text}</arg>
<arg>Created</arg>
<doc>Fails if the given objects are unequal.</doc>
<status status="PASS" start="2024-09-25T19:27:56.538227" elapsed="0.001010"/>
</kw>
<status status="PASS" start="2024-09-25T19:27:56.149689" elapsed="0.390487"/>
</test>
<test id="s1-t2" name="Get Bookings from Restful Booker" line="19">
<kw name="Create Dictionary" owner="BuiltIn">
<msg time="2024-09-25T19:27:56.542205" level="INFO">${body} = {'firstname': 'John'}</msg>
<var>${body}</var>
<arg>firstname=John</arg>
<doc>Creates and returns a dictionary based on the given ``items``.</doc>
<status status="PASS" start="2024-09-25T19:27:56.541179" elapsed="0.001026"/>
</kw>
<kw name="GET" owner="RequestsLibrary">
<msg time="2024-09-25T19:27:57.031096" level="INFO">GET Request : url=https://restful-booker.herokuapp.com/booking?firstname=John 
 path_url=/booking?firstname=John 
 headers={'User-Agent': 'python-requests/2.32.3', 'Accept-Encoding': 'gzip, deflate', 'Accept': '*/*', 'Connection': 'keep-alive'} 
 body=None 
 </msg>
<msg time="2024-09-25T19:27:57.031096" level="INFO">GET Response : url=https://restful-booker.herokuapp.com/booking?firstname=John 
 status=200, reason=OK 
 headers={'Server': 'Cowboy', 'Report-To': '{"group":"heroku-nel","max_age":3600,"endpoints":[{"url":"https://nel.heroku.com/reports?ts=1727288876&amp;sid=c46efe9b-d3d2-4a0c-8c76-bfafa16c5add&amp;s=WaTfwWUkx7%2FtzUDJYjlAk6L62Su4%2Fvt2lTl2LMwvsik%3D"}]}', 'Reporting-Endpoints': 'heroku-nel=https://nel.heroku.com/reports?ts=1727288876&amp;sid=c46efe9b-d3d2-4a0c-8c76-bfafa16c5add&amp;s=WaTfwWUkx7%2FtzUDJYjlAk6L62Su4%2Fvt2lTl2LMwvsik%3D', 'Nel': '{"report_to":"heroku-nel","max_age":3600,"success_fraction":0.005,"failure_fraction":0.05,"response_headers":["Via"]}', 'Connection': 'keep-alive', 'X-Powered-By': 'Express', 'Content-Type': 'application/json; charset=utf-8', 'Content-Length': '20744', 'Etag': 'W/"5108-WexkOM1AFZvm3ecEGvQRoFv4rTk"', 'Date': 'Wed, 25 Sep 2024 18:27:56 GMT', 'Via': '1.1 vegur'} 
 body=[{"bookingid":3107},{"bookingid":729},{"bookingid":366},{"bookingid":1793},{"bookingid":3521},{"bookingid":3220},{"bookingid":12},{"bookingid":2349},{"bookingid":3272},{"bookingid":1786},{"bookingid":2177},{"bookingid":2561},{"bookingid":672},{"bookingid":666},{"bookingid":349},{"bookingid":195},{"bookingid":264},{"bookingid":1172},{"bookingid":2969},{"bookingid":1685},{"bookingid":2642},{"bookingid":1268},{"bookingid":2089},{"bookingid":1870},{"bookingid":913},{"bookingid":2310},{"bookingid":2158},{"bookingid":2691},{"bookingid":1003},{"bookingid":1623},{"bookingid":2955},{"bookingid":1728},{"bookingid":1068},{"bookingid":2617},{"bookingid":3314},{"bookingid":3336},{"bookingid":486},{"bookingid":1746},{"bookingid":3112},{"bookingid":1532},{"bookingid":931},{"bookingid":69},{"bookingid":3190},{"bookingid":2898},{"bookingid":1860},{"bookingid":420},{"bookingid":759},{"bookingid":198},{"bookingid":1512},{"bookingid":2182},{"bookingid":2083},{"bookingid":1966},{"bookingid":1369},{"bookingid":756},{"bookingid":3362},{"bookingid":2325},{"bookingid":1632},{"bookingid":832},{"bookingid":1175},{"bookingid":1377},{"bookingid":2337},{"bookingid":274},{"bookingid":520},{"bookingid":3123},{"bookingid":2018},{"bookingid":2794},{"bookingid":396},{"bookingid":3032},{"bookingid":94},{"bookingid":3465},{"bookingid":2305},{"bookingid":534},{"bookingid":2002},{"bookingid":1856},{"bookingid":2892},{"bookingid":347},{"bookingid":2998},{"bookingid":1367},{"bookingid":2956},{"bookingid":3279},{"bookingid":23},{"bookingid":2530},{"bookingid":1276},{"bookingid":2331},{"bookingid":2827},{"bookingid":2733},{"bookingid":738},{"bookingid":2763},{"bookingid":844},{"bookingid":1007},{"bookingid":1690},{"bookingid":3278},{"bookingid":2921},{"bookingid":1164},{"bookingid":2725},{"bookingid":1247},{"bookingid":1158},{"bookingid":562},{"bookingid":153},{"bookingid":1814},{"bookingid":1548},{"bookingid":1849},{"bookingid":1341},{"bookingid":1506},{"bookingid":986},{"bookingid":1780},{"bookingid":1846},{"bookingid":1545},{"bookingid":3348},{"bookingid":2042},{"bookingid":3481},{"bookingid":3260},{"bookingid":1496},{"bookingid":1120},{"bookingid":2676},{"bookingid":3310},{"bookingid":1297},{"bookingid":840},{"bookingid":2577},{"bookingid":2754},{"bookingid":1890},{"bookingid":997},{"bookingid":2799},{"bookingid":1840},{"bookingid":1431},{"bookingid":3095},{"bookingid":2041},{"bookingid":2889},{"bookingid":793},{"bookingid":290},{"bookingid":3376},{"bookingid":2299},{"bookingid":201},{"bookingid":1652},{"bookingid":3076},{"bookingid":2772},{"bookingid":332},{"bookingid":2456},{"bookingid":1211},{"bookingid":497},{"bookingid":2878},{"bookingid":3383},{"bookingid":1123},{"bookingid":2742},{"bookingid":1639},{"bookingid":2565},{"bookingid":526},{"bookingid":2435},{"bookingid":1033},{"bookingid":1683},{"bookingid":1109},{"bookingid":487},{"bookingid":2557},{"bookingid":2278},{"bookingid":1083},{"bookingid":3442},{"bookingid":3324},{"bookingid":2287},{"bookingid":3414},{"bookingid":2300},{"bookingid":541},{"bookingid":2585},{"bookingid":2699},{"bookingid":3395},{"bookingid":2560},{"bookingid":2562},{"bookingid":850},{"bookingid":3487},{"bookingid":944},{"bookingid":2870},{"bookingid":2625},{"bookingid":3537},{"bookingid":2896},{"bookingid":2113},{"bookingid":249},{"bookingid":279},{"bookingid":1705},{"bookingid":785},{"bookingid":2494},{"bookingid":362},{"bookingid":860},{"bookingid":3561},{"bookingid":1455},{"bookingid":3199},{"bookingid":909},{"bookingid":360},{"bookingid":762},{"bookingid":2371},{"bookingid":2056},{"bookingid":206},{"bookingid":2915},{"bookingid":1842},{"bookingid":2231},{"bookingid":1467},{"bookingid":172},{"bookingid":2164},{"bookingid":1365},{"bookingid":3317},{"bookingid":654},{"bookingid":3577},{"bookingid":703},{"bookingid":835},{"bookingid":1302},{"bookingid":694},{"bookingid":2645},{"bookingid":1019},{"bookingid":2144},{"bookingid":619},{"bookingid":864},{"bookingid":1816},{"bookingid":2447},{"bookingid":1590},{"bookingid":2506},{"bookingid":3159},{"bookingid":1437},{"bookingid":1578},{"bookingid":163},{"bookingid":1558},{"bookingid":1104},{"bookingid":2512},{"bookingid":627},{"bookingid":2475},{"bookingid":504},{"bookingid":2901},{"bookingid":1077},{"bookingid":1798},{"bookingid":121},{"bookingid":444},{"bookingid":3524},{"bookingid":3292},{"bookingid":74},{"bookingid":542},{"bookingid":2131},{"bookingid":2357},{"bookingid":1422},{"bookingid":1403},{"bookingid":1257},{"bookingid":3267},{"bookingid":3110},{"bookingid":2978},{"bookingid":2635},{"bookingid":685},{"bookingid":102},{"bookingid":2869},{"bookingid":3503},{"bookingid":228},{"bookingid":2864},{"bookingid":3354},{"bookingid":402},{"bookingid":2989},{"bookingid":3090},{"bookingid":1096},{"bookingid":3172},{"bookingid":2681},{"bookingid":1681},{"bookingid":992},{"bookingid":509},{"bookingid":936},{"bookingid":2540},{"bookingid":1261},{"bookingid":491},{"bookingid":1090},{"bookingid":2784},{"bookingid":2848},{"bookingid":1442},{"bookingid":3572},{"bookingid":2855},{"bookingid":1909},{"bookingid":2187},{"bookingid":1243},{"bookingid":2220},{"bookingid":973},{"bookingid":369},{"bookingid":2400},{"bookingid":1086},{"bookingid":22},{"bookingid":3546},{"bookingid":3342},{"bookingid":240},{"bookingid":887},{"bookingid":569},{"bookingid":1662},{"bookingid":1767},{"bookingid":1493},{"bookingid":1205},{"bookingid":2767},{"bookingid":3008},{"bookingid":2038},{"bookingid":1881},{"bookingid":3455},{"bookingid":2844},{"bookingid":1830},{"bookingid":1197},{"bookingid":62},{"bookingid":2650},{"bookingid":1973},{"bookingid":3428},{"bookingid":1756},{"bookingid":1932},{"bookingid":27},{"bookingid":3440},{"bookingid":2701},{"bookingid":2150},{"bookingid":1750},{"bookingid":1136},{"bookingid":1584},{"bookingid":306},{"bookingid":991},{"bookingid":779},{"bookingid":1836},{"bookingid":3137},{"bookingid":1710},{"bookingid":2098},{"bookingid":3167},{"bookingid":391},{"bookingid":3142},{"bookingid":1030},{"bookingid":2434},{"bookingid":1355},{"bookingid":3396},{"bookingid":141},{"bookingid":1343},{"bookingid":3117},{"bookingid":2072},{"bookingid":3609},{"bookingid":287},{"bookingid":3193},{"bookingid":2373},{"bookingid":1352},{"bookingid":371},{"bookingid":88},{"bookingid":320},{"bookingid":385},{"bookingid":3046},{"bookingid":825},{"bookingid":171},{"bookingid":354},{"bookingid":2489},{"bookingid":2673},{"bookingid":3359},{"bookingid":2280},{"bookingid":962},{"bookingid":413},{"bookingid":158},{"bookingid":602},{"bookingid":500},{"bookingid":1930},{"bookingid":2441},{"bookingid":2050},{"bookingid":1663},{"bookingid":907},{"bookingid":2293},{"bookingid":2971},{"bookingid":3065},{"bookingid":808},{"bookingid":706},{"bookingid":1807},{"bookingid":2932},{"bookingid":1047},{"bookingid":3436},{"bookingid":1628},{"bookingid":1425},{"bookingid":244},{"bookingid":593},{"bookingid":1428},{"bookingid":633},{"bookingid":1473},{"bookingid":2352},{"bookingid":2745},{"bookingid":1357},{"bookingid":2692},{"bookingid":137},{"bookingid":1980},{"bookingid":574},{"bookingid":2887},{"bookingid":397},{"bookingid":1279},{"bookingid":3322},{"bookingid":2347},{"bookingid":3300},{"bookingid":1049},{"bookingid":2834},{"bookingid":1592},{"bookingid":771},{"bookingid":2193},{"bookingid":1722},{"bookingid":1415},{"bookingid":1157},{"bookingid":2611},{"bookingid":2240},{"bookingid":294},{"bookingid":3218},{"bookingid":1464},{"bookingid":2789},{"bookingid":3567},{"bookingid":2819},{"bookingid":2636},{"bookingid":1192},{"bookingid":1781},{"bookingid":2104},{"bookingid":1702},{"bookingid":2941},{"bookingid":2572},{"bookingid":2904},{"bookingid":2686},{"bookingid":979},{"bookingid":2805},{"bookingid":1009},{"bookingid":2518},{"bookingid":2623},{"bookingid":2680},{"bookingid":123},{"bookingid":2392},{"bookingid":2202},{"bookingid":3235},{"bookingid":1888},{"bookingid":2716},{"bookingid":339},{"bookingid":3597},{"bookingid":2653},{"bookingid":3605},{"bookingid":305},{"bookingid":2047},{"bookingid":3222},{"bookingid":108},{"bookingid":2401},{"bookingid":924},{"bookingid":1972},{"bookingid":2011},{"bookingid":1110},{"bookingid":3453},{"bookingid":3102},{"bookingid":3131},{"bookingid":665},{"bookingid":622},{"bookingid":3413},{"bookingid":1249},{"bookingid":1214},{"bookingid":2014},{"bookingid":1850},{"bookingid":776},{"bookingid":3175},{"bookingid":2065},{"bookingid":408},{"bookingid":3003},{"bookingid":333},{"bookingid":3480},{"bookingid":1733},{"bookingid":2667},{"bookingid":1719},{"bookingid":1947},{"bookingid":3506},{"bookingid":556},{"bookingid":1787},{"bookingid":638},{"bookingid":3084},{"bookingid":1394},{"bookingid":2025},{"bookingid":1770},{"bookingid":969},{"bookingid":1668},{"bookingid":2814},{"bookingid":2415},{"bookingid":2854},{"bookingid":710},{"bookingid":1152},{"bookingid":678},{"bookingid":3266},{"bookingid":2204},{"bookingid":1062},{"bookingid":2184},{"bookingid":1610},{"bookingid":85},{"bookingid":3208},{"bookingid":590},{"bookingid":1476},{"bookingid":723},{"bookingid":563},{"bookingid":317},{"bookingid":131},{"bookingid":1539},{"bookingid":1502},{"bookingid":1609},{"bookingid":3558},{"bookingid":1641},{"bookingid":344},{"bookingid":2267},{"bookingid":2118},{"bookingid":1231},{"bookingid":735},{"bookingid":2500},{"bookingid":2706},{"bookingid":3364},{"bookingid":1445},{"bookingid":1080},{"bookingid":814},{"bookingid":2539},{"bookingid":2225},{"bookingid":376},{"bookingid":2420},{"bookingid":2425},{"bookingid":550},{"bookingid":1272},{"bookingid":2906},{"bookingid":3575},{"bookingid":1579},{"bookingid":3378},{"bookingid":186},{"bookingid":1765},{"bookingid":753},{"bookingid":1456},{"bookingid":3494},{"bookingid":2090},{"bookingid":2596},{"bookingid":2124},{"bookingid":1206},{"bookingid":162},{"bookingid":1118},{"bookingid":1499},{"bookingid":1863},{"bookingid":3545},{"bookingid":1691},{"bookingid":2397},{"bookingid":881},{"bookingid":688},{"bookingid":2808},{"bookingid":2110},{"bookingid":1510},{"bookingid":2632},{"bookingid":459},{"bookingid":1016},{"bookingid":3447},{"bookingid":2942},{"bookingid":645},{"book... (set the log level to DEBUG or TRACE to see the full content) 
 </msg>
<msg time="2024-09-25T19:27:57.032098" level="INFO">${response} = &lt;Response [200]&gt;</msg>
<var>${response}</var>
<arg>https://restful-booker.herokuapp.com/booking</arg>
<arg>${body}</arg>
<doc>Sends a GET request.</doc>
<status status="PASS" start="2024-09-25T19:27:56.542618" elapsed="0.489480"/>
</kw>
<kw name="Status Should Be" owner="RequestsLibrary">
<arg>200</arg>
<doc>Fails if response status code is different than the expected.</doc>
<status status="PASS" start="2024-09-25T19:27:57.033122" elapsed="0.000000"/>
</kw>
<kw name="Log List" owner="Collections">
<msg time="2024-09-25T19:27:57.038111" level="INFO">List length is 1109 and it contains following items:
0: {'bookingid': 3107}
1: {'bookingid': 729}
2: {'bookingid': 366}
3: {'bookingid': 1793}
4: {'bookingid': 3521}
5: {'bookingid': 3220}
6: {'bookingid': 12}
7: {'bookingid': 2349}
8: {'bookingid': 3272}
9: {'bookingid': 1786}
10: {'bookingid': 2177}
11: {'bookingid': 2561}
12: {'bookingid': 672}
13: {'bookingid': 666}
14: {'bookingid': 349}
15: {'bookingid': 195}
16: {'bookingid': 264}
17: {'bookingid': 1172}
18: {'bookingid': 2969}
19: {'bookingid': 1685}
20: {'bookingid': 2642}
21: {'bookingid': 1268}
22: {'bookingid': 2089}
23: {'bookingid': 1870}
24: {'bookingid': 913}
25: {'bookingid': 2310}
26: {'bookingid': 2158}
27: {'bookingid': 2691}
28: {'bookingid': 1003}
29: {'bookingid': 1623}
30: {'bookingid': 2955}
31: {'bookingid': 1728}
32: {'bookingid': 1068}
33: {'bookingid': 2617}
34: {'bookingid': 3314}
35: {'bookingid': 3336}
36: {'bookingid': 486}
37: {'bookingid': 1746}
38: {'bookingid': 3112}
39: {'bookingid': 1532}
40: {'bookingid': 931}
41: {'bookingid': 69}
42: {'bookingid': 3190}
43: {'bookingid': 2898}
44: {'bookingid': 1860}
45: {'bookingid': 420}
46: {'bookingid': 759}
47: {'bookingid': 198}
48: {'bookingid': 1512}
49: {'bookingid': 2182}
50: {'bookingid': 2083}
51: {'bookingid': 1966}
52: {'bookingid': 1369}
53: {'bookingid': 756}
54: {'bookingid': 3362}
55: {'bookingid': 2325}
56: {'bookingid': 1632}
57: {'bookingid': 832}
58: {'bookingid': 1175}
59: {'bookingid': 1377}
60: {'bookingid': 2337}
61: {'bookingid': 274}
62: {'bookingid': 520}
63: {'bookingid': 3123}
64: {'bookingid': 2018}
65: {'bookingid': 2794}
66: {'bookingid': 396}
67: {'bookingid': 3032}
68: {'bookingid': 94}
69: {'bookingid': 3465}
70: {'bookingid': 2305}
71: {'bookingid': 534}
72: {'bookingid': 2002}
73: {'bookingid': 1856}
74: {'bookingid': 2892}
75: {'bookingid': 347}
76: {'bookingid': 2998}
77: {'bookingid': 1367}
78: {'bookingid': 2956}
79: {'bookingid': 3279}
80: {'bookingid': 23}
81: {'bookingid': 2530}
82: {'bookingid': 1276}
83: {'bookingid': 2331}
84: {'bookingid': 2827}
85: {'bookingid': 2733}
86: {'bookingid': 738}
87: {'bookingid': 2763}
88: {'bookingid': 844}
89: {'bookingid': 1007}
90: {'bookingid': 1690}
91: {'bookingid': 3278}
92: {'bookingid': 2921}
93: {'bookingid': 1164}
94: {'bookingid': 2725}
95: {'bookingid': 1247}
96: {'bookingid': 1158}
97: {'bookingid': 562}
98: {'bookingid': 153}
99: {'bookingid': 1814}
100: {'bookingid': 1548}
101: {'bookingid': 1849}
102: {'bookingid': 1341}
103: {'bookingid': 1506}
104: {'bookingid': 986}
105: {'bookingid': 1780}
106: {'bookingid': 1846}
107: {'bookingid': 1545}
108: {'bookingid': 3348}
109: {'bookingid': 2042}
110: {'bookingid': 3481}
111: {'bookingid': 3260}
112: {'bookingid': 1496}
113: {'bookingid': 1120}
114: {'bookingid': 2676}
115: {'bookingid': 3310}
116: {'bookingid': 1297}
117: {'bookingid': 840}
118: {'bookingid': 2577}
119: {'bookingid': 2754}
120: {'bookingid': 1890}
121: {'bookingid': 997}
122: {'bookingid': 2799}
123: {'bookingid': 1840}
124: {'bookingid': 1431}
125: {'bookingid': 3095}
126: {'bookingid': 2041}
127: {'bookingid': 2889}
128: {'bookingid': 793}
129: {'bookingid': 290}
130: {'bookingid': 3376}
131: {'bookingid': 2299}
132: {'bookingid': 201}
133: {'bookingid': 1652}
134: {'bookingid': 3076}
135: {'bookingid': 2772}
136: {'bookingid': 332}
137: {'bookingid': 2456}
138: {'bookingid': 1211}
139: {'bookingid': 497}
140: {'bookingid': 2878}
141: {'bookingid': 3383}
142: {'bookingid': 1123}
143: {'bookingid': 2742}
144: {'bookingid': 1639}
145: {'bookingid': 2565}
146: {'bookingid': 526}
147: {'bookingid': 2435}
148: {'bookingid': 1033}
149: {'bookingid': 1683}
150: {'bookingid': 1109}
151: {'bookingid': 487}
152: {'bookingid': 2557}
153: {'bookingid': 2278}
154: {'bookingid': 1083}
155: {'bookingid': 3442}
156: {'bookingid': 3324}
157: {'bookingid': 2287}
158: {'bookingid': 3414}
159: {'bookingid': 2300}
160: {'bookingid': 541}
161: {'bookingid': 2585}
162: {'bookingid': 2699}
163: {'bookingid': 3395}
164: {'bookingid': 2560}
165: {'bookingid': 2562}
166: {'bookingid': 850}
167: {'bookingid': 3487}
168: {'bookingid': 944}
169: {'bookingid': 2870}
170: {'bookingid': 2625}
171: {'bookingid': 3537}
172: {'bookingid': 2896}
173: {'bookingid': 2113}
174: {'bookingid': 249}
175: {'bookingid': 279}
176: {'bookingid': 1705}
177: {'bookingid': 785}
178: {'bookingid': 2494}
179: {'bookingid': 362}
180: {'bookingid': 860}
181: {'bookingid': 3561}
182: {'bookingid': 1455}
183: {'bookingid': 3199}
184: {'bookingid': 909}
185: {'bookingid': 360}
186: {'bookingid': 762}
187: {'bookingid': 2371}
188: {'bookingid': 2056}
189: {'bookingid': 206}
190: {'bookingid': 2915}
191: {'bookingid': 1842}
192: {'bookingid': 2231}
193: {'bookingid': 1467}
194: {'bookingid': 172}
195: {'bookingid': 2164}
196: {'bookingid': 1365}
197: {'bookingid': 3317}
198: {'bookingid': 654}
199: {'bookingid': 3577}
200: {'bookingid': 703}
201: {'bookingid': 835}
202: {'bookingid': 1302}
203: {'bookingid': 694}
204: {'bookingid': 2645}
205: {'bookingid': 1019}
206: {'bookingid': 2144}
207: {'bookingid': 619}
208: {'bookingid': 864}
209: {'bookingid': 1816}
210: {'bookingid': 2447}
211: {'bookingid': 1590}
212: {'bookingid': 2506}
213: {'bookingid': 3159}
214: {'bookingid': 1437}
215: {'bookingid': 1578}
216: {'bookingid': 163}
217: {'bookingid': 1558}
218: {'bookingid': 1104}
219: {'bookingid': 2512}
220: {'bookingid': 627}
221: {'bookingid': 2475}
222: {'bookingid': 504}
223: {'bookingid': 2901}
224: {'bookingid': 1077}
225: {'bookingid': 1798}
226: {'bookingid': 121}
227: {'bookingid': 444}
228: {'bookingid': 3524}
229: {'bookingid': 3292}
230: {'bookingid': 74}
231: {'bookingid': 542}
232: {'bookingid': 2131}
233: {'bookingid': 2357}
234: {'bookingid': 1422}
235: {'bookingid': 1403}
236: {'bookingid': 1257}
237: {'bookingid': 3267}
238: {'bookingid': 3110}
239: {'bookingid': 2978}
240: {'bookingid': 2635}
241: {'bookingid': 685}
242: {'bookingid': 102}
243: {'bookingid': 2869}
244: {'bookingid': 3503}
245: {'bookingid': 228}
246: {'bookingid': 2864}
247: {'bookingid': 3354}
248: {'bookingid': 402}
249: {'bookingid': 2989}
250: {'bookingid': 3090}
251: {'bookingid': 1096}
252: {'bookingid': 3172}
253: {'bookingid': 2681}
254: {'bookingid': 1681}
255: {'bookingid': 992}
256: {'bookingid': 509}
257: {'bookingid': 936}
258: {'bookingid': 2540}
259: {'bookingid': 1261}
260: {'bookingid': 491}
261: {'bookingid': 1090}
262: {'bookingid': 2784}
263: {'bookingid': 2848}
264: {'bookingid': 1442}
265: {'bookingid': 3572}
266: {'bookingid': 2855}
267: {'bookingid': 1909}
268: {'bookingid': 2187}
269: {'bookingid': 1243}
270: {'bookingid': 2220}
271: {'bookingid': 973}
272: {'bookingid': 369}
273: {'bookingid': 2400}
274: {'bookingid': 1086}
275: {'bookingid': 22}
276: {'bookingid': 3546}
277: {'bookingid': 3342}
278: {'bookingid': 240}
279: {'bookingid': 887}
280: {'bookingid': 569}
281: {'bookingid': 1662}
282: {'bookingid': 1767}
283: {'bookingid': 1493}
284: {'bookingid': 1205}
285: {'bookingid': 2767}
286: {'bookingid': 3008}
287: {'bookingid': 2038}
288: {'bookingid': 1881}
289: {'bookingid': 3455}
290: {'bookingid': 2844}
291: {'bookingid': 1830}
292: {'bookingid': 1197}
293: {'bookingid': 62}
294: {'bookingid': 2650}
295: {'bookingid': 1973}
296: {'bookingid': 3428}
297: {'bookingid': 1756}
298: {'bookingid': 1932}
299: {'bookingid': 27}
300: {'bookingid': 3440}
301: {'bookingid': 2701}
302: {'bookingid': 2150}
303: {'bookingid': 1750}
304: {'bookingid': 1136}
305: {'bookingid': 1584}
306: {'bookingid': 306}
307: {'bookingid': 991}
308: {'bookingid': 779}
309: {'bookingid': 1836}
310: {'bookingid': 3137}
311: {'bookingid': 1710}
312: {'bookingid': 2098}
313: {'bookingid': 3167}
314: {'bookingid': 391}
315: {'bookingid': 3142}
316: {'bookingid': 1030}
317: {'bookingid': 2434}
318: {'bookingid': 1355}
319: {'bookingid': 3396}
320: {'bookingid': 141}
321: {'bookingid': 1343}
322: {'bookingid': 3117}
323: {'bookingid': 2072}
324: {'bookingid': 3609}
325: {'bookingid': 287}
326: {'bookingid': 3193}
327: {'bookingid': 2373}
328: {'bookingid': 1352}
329: {'bookingid': 371}
330: {'bookingid': 88}
331: {'bookingid': 320}
332: {'bookingid': 385}
333: {'bookingid': 3046}
334: {'bookingid': 825}
335: {'bookingid': 171}
336: {'bookingid': 354}
337: {'bookingid': 2489}
338: {'bookingid': 2673}
339: {'bookingid': 3359}
340: {'bookingid': 2280}
341: {'bookingid': 962}
342: {'bookingid': 413}
343: {'bookingid': 158}
344: {'bookingid': 602}
345: {'bookingid': 500}
346: {'bookingid': 1930}
347: {'bookingid': 2441}
348: {'bookingid': 2050}
349: {'bookingid': 1663}
350: {'bookingid': 907}
351: {'bookingid': 2293}
352: {'bookingid': 2971}
353: {'bookingid': 3065}
354: {'bookingid': 808}
355: {'bookingid': 706}
356: {'bookingid': 1807}
357: {'bookingid': 2932}
358: {'bookingid': 1047}
359: {'bookingid': 3436}
360: {'bookingid': 1628}
361: {'bookingid': 1425}
362: {'bookingid': 244}
363: {'bookingid': 593}
364: {'bookingid': 1428}
365: {'bookingid': 633}
366: {'bookingid': 1473}
367: {'bookingid': 2352}
368: {'bookingid': 2745}
369: {'bookingid': 1357}
370: {'bookingid': 2692}
371: {'bookingid': 137}
372: {'bookingid': 1980}
373: {'bookingid': 574}
374: {'bookingid': 2887}
375: {'bookingid': 397}
376: {'bookingid': 1279}
377: {'bookingid': 3322}
378: {'bookingid': 2347}
379: {'bookingid': 3300}
380: {'bookingid': 1049}
381: {'bookingid': 2834}
382: {'bookingid': 1592}
383: {'bookingid': 771}
384: {'bookingid': 2193}
385: {'bookingid': 1722}
386: {'bookingid': 1415}
387: {'bookingid': 1157}
388: {'bookingid': 2611}
389: {'bookingid': 2240}
390: {'bookingid': 294}
391: {'bookingid': 3218}
392: {'bookingid': 1464}
393: {'bookingid': 2789}
394: {'bookingid': 3567}
395: {'bookingid': 2819}
396: {'bookingid': 2636}
397: {'bookingid': 1192}
398: {'bookingid': 1781}
399: {'bookingid': 2104}
400: {'bookingid': 1702}
401: {'bookingid': 2941}
402: {'bookingid': 2572}
403: {'bookingid': 2904}
404: {'bookingid': 2686}
405: {'bookingid': 979}
406: {'bookingid': 2805}
407: {'bookingid': 1009}
408: {'bookingid': 2518}
409: {'bookingid': 2623}
410: {'bookingid': 2680}
411: {'bookingid': 123}
412: {'bookingid': 2392}
413: {'bookingid': 2202}
414: {'bookingid': 3235}
415: {'bookingid': 1888}
416: {'bookingid': 2716}
417: {'bookingid': 339}
418: {'bookingid': 3597}
419: {'bookingid': 2653}
420: {'bookingid': 3605}
421: {'bookingid': 305}
422: {'bookingid': 2047}
423: {'bookingid': 3222}
424: {'bookingid': 108}
425: {'bookingid': 2401}
426: {'bookingid': 924}
427: {'bookingid': 1972}
428: {'bookingid': 2011}
429: {'bookingid': 1110}
430: {'bookingid': 3453}
431: {'bookingid': 3102}
432: {'bookingid': 3131}
433: {'bookingid': 665}
434: {'bookingid': 622}
435: {'bookingid': 3413}
436: {'bookingid': 1249}
437: {'bookingid': 1214}
438: {'bookingid': 2014}
439: {'bookingid': 1850}
440: {'bookingid': 776}
441: {'bookingid': 3175}
442: {'bookingid': 2065}
443: {'bookingid': 408}
444: {'bookingid': 3003}
445: {'bookingid': 333}
446: {'bookingid': 3480}
447: {'bookingid': 1733}
448: {'bookingid': 2667}
449: {'bookingid': 1719}
450: {'bookingid': 1947}
451: {'bookingid': 3506}
452: {'bookingid': 556}
453: {'bookingid': 1787}
454: {'bookingid': 638}
455: {'bookingid': 3084}
456: {'bookingid': 1394}
457: {'bookingid': 2025}
458: {'bookingid': 1770}
459: {'bookingid': 969}
460: {'bookingid': 1668}
461: {'bookingid': 2814}
462: {'bookingid': 2415}
463: {'bookingid': 2854}
464: {'bookingid': 710}
465: {'bookingid': 1152}
466: {'bookingid': 678}
467: {'bookingid': 3266}
468: {'bookingid': 2204}
469: {'bookingid': 1062}
470: {'bookingid': 2184}
471: {'bookingid': 1610}
472: {'bookingid': 85}
473: {'bookingid': 3208}
474: {'bookingid': 590}
475: {'bookingid': 1476}
476: {'bookingid': 723}
477: {'bookingid': 563}
478: {'bookingid': 317}
479: {'bookingid': 131}
480: {'bookingid': 1539}
481: {'bookingid': 1502}
482: {'bookingid': 1609}
483: {'bookingid': 3558}
484: {'bookingid': 1641}
485: {'bookingid': 344}
486: {'bookingid': 2267}
487: {'bookingid': 2118}
488: {'bookingid': 1231}
489: {'bookingid': 735}
490: {'bookingid': 2500}
491: {'bookingid': 2706}
492: {'bookingid': 3364}
493: {'bookingid': 1445}
494: {'bookingid': 1080}
495: {'bookingid': 814}
496: {'bookingid': 2539}
497: {'bookingid': 2225}
498: {'bookingid': 376}
499: {'bookingid': 2420}
500: {'bookingid': 2425}
501: {'bookingid': 550}
502: {'bookingid': 1272}
503: {'bookingid': 2906}
504: {'bookingid': 3575}
505: {'bookingid': 1579}
506: {'bookingid': 3378}
507: {'bookingid': 186}
508: {'bookingid': 1765}
509: {'bookingid': 753}
510: {'bookingid': 1456}
511: {'bookingid': 3494}
512: {'bookingid': 2090}
513: {'bookingid': 2596}
514: {'bookingid': 2124}
515: {'bookingid': 1206}
516: {'bookingid': 162}
517: {'bookingid': 1118}
518: {'bookingid': 1499}
519: {'bookingid': 1863}
520: {'bookingid': 3545}
521: {'bookingid': 1691}
522: {'bookingid': 2397}
523: {'bookingid': 881}
524: {'bookingid': 688}
525: {'bookingid': 2808}
526: {'bookingid': 2110}
527: {'bookingid': 1510}
528: {'bookingid': 2632}
529: {'bookingid': 459}
530: {'bookingid': 1016}
531: {'bookingid': 3447}
532: {'bookingid': 2942}
533: {'bookingid': 645}
534: {'bookingid': 2965}
535: {'bookingid': 2003}
536: {'bookingid': 557}
537: {'bookingid': 1801}
538: {'bookingid': 1601}
539: {'bookingid': 3389}
540: {'bookingid': 30}
541: {'bookingid': 1237}
542: {'bookingid': 1987}
543: {'bookingid': 2318}
544: {'bookingid': 732}
545: {'bookingid': 2446}
546: {'bookingid': 481}
547: {'bookingid': 522}
548: {'bookingid': 3430}
549: {'bookingid': 2232}
550: {'bookingid': 3231}
551: {'bookingid': 2479}
552: {'bookingid': 2927}
553: {'bookingid': 886}
554: {'bookingid': 1130}
555: {'bookingid': 1318}
556: {'bookingid': 2711}
557: {'bookingid': 1729}
558: {'bookingid': 2128}
559: {'bookingid': 1103}
560: {'bookingid': 3124}
561: {'bookingid': 3371}
562: {'bookingid': 2987}
563: {'bookingid': 2137}
564: {'bookingid': 14}
565: {'bookingid': 2230}
566: {'bookingid': 2640}
567: {'bookingid': 3261}
568: {'bookingid': 2963}
569: {'bookingid': 895}
570: {'bookingid': 1461}
571: {'bookingid': 2266}
572: {'bookingid': 532}
573: {'bookingid': 985}
574: {'bookingid': 2614}
575: {'bookingid': 2196}
576: {'bookingid': 3178}
577: {'bookingid': 915}
578: {'bookingid': 2949}
579: {'bookingid': 2032}
580: {'bookingid': 82}
581: {'bookingid': 111}
582: {'bookingid': 856}
583: {'bookingid': 1927}
584: {'bookingid': 3554}
585: {'bookingid': 529}
586: {'bookingid': 2840}
587: {'bookingid': 839}
588: {'bookingid': 2550}
589: {'bookingid': 3209}
590: {'bookingid': 1195}
591: {'bookingid': 2426}
592: {'bookingid': 147}
593: {'bookingid': 1317}
594: {'bookingid': 3184}
595: {'bookingid': 1176}
596: {'bookingid': 2206}
597: {'bookingid': 2251}
598: {'bookingid': 3044}
599: {'bookingid': 2982}
600: {'bookingid': 2246}
601: {'bookingid': 1744}
602: {'bookingid': 1803}
603: {'bookingid': 2450}
604: {'bookingid': 2013}
605: {'bookingid': 1522}
606: {'bookingid': 2431}
607: {'bookingid': 1696}
608: {'bookingid': 2329}
609: {'bookingid': 2615}
610: {'bookingid': 611}
611: {'bookingid': 1034}
612: {'bookingid': 690}
613: {'bookingid': 1135}
614: {'bookingid': 492}
615: {'bookingid': 60}
616: {'bookingid': 2938}
617: {'bookingid': 1185}
618: {'bookingid': 2361}
619: {'bookingid': 299}
620: {'bookingid': 270}
621: {'bookingid': 1900}
622: {'bookingid': 1092}
623: {'bookingid': 2138}
624: {'bookingid': 2720}
625: {'bookingid': 940}
626: {'bookingid': 45}
627: {'bookingid': 1706}
628: {'bookingid': 2212}
629: {'bookingid': 1386}
630: {'bookingid': 2149}
631: {'bookingid': 601}
632: {'bookingid': 3078}
633: {'bookingid': 1044}
634: {'bookingid': 820}
635: {'bookingid': 104}
636: {'bookingid': 2112}
637: {'bookingid': 3552}
638: {'bookingid': 1953}
639: {'bookingid': 1921}
640: {'bookingid': 2215}
641: {'bookingid': 2802}
642: {'bookingid': 1879}
643: {'bookingid': 1752}
644: {'bookingid': 932}
645: {'bookingid': 2992}
646: {'bookingid': 1714}
647: {'bookingid': 1635}
648: {'bookingid': 3384}
649: {'bookingid': 2719}
650: {'bookingid': 1024}
651: {'bookingid': 3273}
652: {'bookingid': 901}
653: {'bookingid': 664}
654: {'bookingid': 1541}
655: {'bookingid': 3434}
656: {'bookingid': 2008}
657: {'bookingid': 3026}
658: {'bookingid': 1337}
659: {'bookingid': 3132}
660: {'bookingid': 3408}
661: {'bookingid': 2664}
662: {'bookingid': 3146}
663: {'bookingid': 187}
664: {'bookingid': 3249}
665: {'bookingid': 2883}
666: {'bookingid': 52}
667: {'bookingid': 1518}
668: {'bookingid': 813}
669: {'bookingid': 3033}
670: {'bookingid': 1675}
671: {'bookingid': 1922}
672: {'bookingid': 3295}
673: {'bookingid': 616}
674: {'bookingid': 2601}
675: {'bookingid': 3363}
676: {'bookingid': 2526}
677: {'bookingid': 142}
678: {'bookingid': 1824}
679: {'bookingid': 1885}
680: {'bookingid': 1670}
681: {'bookingid': 1326}
682: {'bookingid': 2393}
683: {'bookingid': 3402}
684: {'bookingid': 2275}
685: {'bookingid': 1132}
686: {'bookingid': 435}
687: {'bookingid': 3242}
688: {'bookingid': 2590}
689: {'bookingid': 154}
690: {'bookingid': 467}
691: {'bookingid': 1950}
692: {'bookingid': 1568}
693: {'bookingid': 3305}
694: {'bookingid': 3611}
695: {'bookingid': 3471}
696: {'bookingid': 447}
697: {'bookingid': 2105}
698: {'bookingid': 3202}
699: {'bookingid': 3122}
700: {'bookingid': 1792}
701: {'bookingid': 224}
702: {'bookingid': 1526}
703: {'bookingid': 2859}
704: {'bookingid': 3060}
705: {'bookingid': 1265}
706: {'bookingid': 576}
707: {'bookingid': 78}
708: {'bookingid': 2383}
709: {'bookingid': 2730}
710: {'bookingid': 3009}
711: {'bookingid': 217}
712: {'bookingid': 2463}
713: {'bookingid': 431}
714: {'bookingid': 1638}
715: {'bookingid': 1321}
716: {'bookingid': 1409}
717: {'bookingid': 2095}
718: {'bookingid': 1960}
719: {'bookingid': 282}
720: {'bookingid': 2473}
721: {'bookingid': 2482}
722: {'bookingid': 1550}
723: {'bookingid': 148}
724: {'bookingid': 2606}
725: {'bookingid': 1806}
726: {'bookingid': 1480}
727: {'bookingid': 66}
728: {'bookingid': 2379}
729: {'bookingid': 450}
730: {'bookingid': 1439}
731: {'bookingid': 1931}
732: {'bookingid': 3449}
733: {'bookingid': 2553}
734: {'bookingid': 2084}
735: {'bookingid': 330}
736: {'bookingid': 1773}
737: {'bookingid': 1332}
738: {'bookingid': 1334}
739: {'bookingid': 2849}
740: {'bookingid': 2451}
741: {'bookingid': 1977}
742: {'bookingid': 2629}
743: {'bookingid': 3562}
744: {'bookingid': 3603}
745: {'bookingid': 53}
746: {'bookingid': 2188}
747: {'bookingid': 2751}
748: {'bookingid': 631}
749: {'bookingid': 251}
750: {'bookingid': 1449}
751: {'bookingid': 3599}
752: {'bookingid': 1530}
753: {'bookingid': 1163}
754: {'bookingid': 741}
755: {'bookingid': 1678}
756: {'bookingid': 764}
757: {'bookingid': 903}
758: {'bookingid': 2523}
759: {'bookingid': 3459}
760: {'bookingid': 2051}
761: {'bookingid': 1042}
762: {'bookingid': 3116}
763: {'bookingid': 230}
764: {'bookingid': 2263}
765: {'bookingid': 1475}
766: {'bookingid': 2933}
767: {'bookingid': 1906}
768: {'bookingid': 2353}
769: {'bookingid': 3051}
770: {'bookingid': 1551}
771: {'bookingid': 1026}
772: {'bookingid': 3230}
773: {'bookingid': 700}
774: {'bookingid': 1283}
775: {'bookingid': 695}
776: {'bookingid': 243}
777: {'bookingid': 2757}
778: {'bookingid': 770}
779: {'bookingid': 203}
780: {'bookingid': 2315}
781: {'bookingid': 1143}
782: {'bookingid': 707}
783: {'bookingid': 591}
784: {'bookingid': 2591}
785: {'bookingid': 939}
786: {'bookingid': 2461}
787: {'bookingid': 3021}
788: {'bookingid': 2258}
789: {'bookingid': 3152}
790: {'bookingid': 1655}
791: {'bookingid': 2689}
792: {'bookingid': 507}
793: {'bookingid': 135}
794: {'bookingid': 377}
795: {'bookingid': 1256}
796: {'bookingid': 2143}
797: {'bookingid': 1697}
798: {'bookingid': 1413}
799: {'bookingid': 3583}
800: {'bookingid': 1390}
801: {'bookingid': 453}
802: {'bookingid': 1894}
803: {'bookingid': 3570}
804: {'bookingid': 851}
805: {'bookingid': 1618}
806: {'bookingid': 2778}
807: {'bookingid': 2027}
808: {'bookingid': 2545}
809: {'bookingid': 2059}
810: {'bookingid': 3591}
811: {'bookingid': 261}
812: {'bookingid': 1647}
813: {'bookingid': 2470}
814: {'bookingid': 1487}
815: {'bookingid': 1127}
816: {'bookingid': 2584}
817: {'bookingid': 1572}
818: {'bookingid': 188}
819: {'bookingid': 2306}
820: {'bookingid': 1178}
821: {'bookingid': 2513}
822: {'bookingid': 819}
823: {'bookingid': 2341}
824: {'bookingid': 1608}
825: {'bookingid': 262}
826: {'bookingid': 2858}
827: {'bookingid': 1328}
828: {'bookingid': 1519}
829: {'bookingid': 1448}
830: {'bookingid': 2974}
831: {'bookingid': 3372}
832: {'bookingid': 1942}
833: {'bookingid': 857}
834: {'bookingid': 1559}
835: {'bookingid': 421}
836: {'bookingid': 2389}
837: {'bookingid': 3284}
838: {'bookingid': 2945}
839: {'bookingid': 3039}
840: {'bookingid': 2710}
841: {'bookingid': 1717}
842: {'bookingid': 747}
843: {'bookingid': 2838}
844: {'bookingid': 75}
845: {'bookingid': 3320}
846: {'bookingid': 1216}
847: {'bookingid': 791}
848: {'bookingid': 3237}
849: {'bookingid': 1430}
850: {'bookingid': 1305}
851: {'bookingid': 2952}
852: {'bookingid': 1758}
853: {'bookingid': 3327}
854: {'bookingid': 2288}
855: {'bookingid': 3195}
856: {'bookingid': 2519}
857: {'bookingid': 797}
858: {'bookingid': 800}
859: {'bookingid': 323}
860: {'bookingid': 582}
861: {'bookingid': 3015}
862: {'bookingid': 1252}
863: {'bookingid': 676}
864: {'bookingid': 209}
865: {'bookingid': 2200}
866: {'bookingid': 3154}
867: {'bookingid': 183}
868: {'bookingid': 717}
869: {'bookingid': 2170}
870: {'bookingid': 44}
871: {'bookingid': 3401}
872: {'bookingid': 375}
873: {'bookingid': 657}
874: {'bookingid': 113}
875: {'bookingid': 2368}
876: {'bookingid': 1872}
877: {'bookingid': 3067}
878: {'bookingid': 3243}
879: {'bookingid': 1943}
880: {'bookingid': 1183}
881: {'bookingid': 3140}
882: {'bookingid': 327}
883: {'bookingid': 2532}
884: {'bookingid': 1223}
885: {'bookingid': 3498}
886: {'bookingid': 1598}
887: {'bookingid': 1834}
888: {'bookingid': 1039}
889: {'bookingid': 411}
890: {'bookingid': 1938}
891: {'bookingid': 3533}
892: {'bookingid': 2369}
893: {'bookingid': 2810}
894: {'bookingid': 2871}
895: {'bookingid': 2077}
896: {'bookingid': 1095}
897: {'bookingid': 2440}
898: {'bookingid': 3457}
899: {'bookingid': 1916}
900: {'bookingid': 998}
901: {'bookingid': 2033}
902: {'bookingid': 40}
903: {'bookingid': 680}
904: {'bookingid': 2257}
905: {'bookingid': 439}
906: {'bookingid': 311}
907: {'bookingid': 3527}
908: {'bookingid': 3353}
909: {'bookingid': 177}
910: {'bookingid': 3205}
911: {'bookingid': 922}
912: {'bookingid': 2362}
913: {'bookingid': 1169}
914: {'bookingid': 457}
915: {'bookingid': 1468}
916: {'bookingid': 2224}
917: {'bookingid': 3307}
918: {'bookingid': 950}
919: {'bookingid': 2296}
920: {'bookingid': 57}
921: {'bookingid': 876}
922: {'bookingid': 1776}
923: {'bookingid': 1065}
924: {'bookingid': 3515}
925: {'bookingid': 475}
926: {'bookingid': 49}
927: {'bookingid': 273}
928: {'bookingid': 1865}
929: {'bookingid': 2133}
930: {'bookingid': 568}
931: {'bookingid': 1313}
932: {'bookingid': 210}
933: {'bookingid': 3535}
934: {'bookingid': 831}
935: {'bookingid': 2122}
936: {'bookingid': 414}
937: {'bookingid': 3101}
938: {'bookingid': 1240}
939: {'bookingid': 1762}
940: {'bookingid': 2737}
941: {'bookingid': 3531}
942: {'bookingid': 3020}
943: {'bookingid': 456}
944: {'bookingid': 1419}
945: {'bookingid': 114}
946: {'bookingid': 340}
947: {'bookingid': 1190}
948: {'bookingid': 3147}
949: {'bookingid': 1350}
950: {'bookingid': 1347}
951: {'bookingid': 2726}
952: {'bookingid': 256}
953: {'bookingid': 2467}
954: {'bookingid': 1388}
955: {'bookingid': 3472}
956: {'bookingid': 285}
957: {'bookingid': 2171}
958: {'bookingid': 3096}
959: {'bookingid': 1999}
960: {'bookingid': 2386}
961: {'bookingid': 2604}
962: {'bookingid': 3518}
963: {'bookingid': 2792}
964: {'bookingid': 607}
965: {'bookingid': 2480}
966: {'bookingid': 1596}
967: {'bookingid': 1294}
968: {'bookingid': 2816}
969: {'bookingid': 580}
970: {'bookingid': 516}
971: {'bookingid': 1536}
972: {'bookingid': 651}
973: {'bookingid': 1573}
974: {'bookingid': 2760}
975: {'bookingid': 2409}
976: {'bookingid': 750}
977: {'bookingid': 2597}
978: {'bookingid': 3582}
979: {'bookingid': 925}
980: {'bookingid': 3298}
981: {'bookingid': 1074}
982: {'bookingid': 2217}
983: {'bookingid': 3027}
984: {'bookingid': 508}
985: {'bookingid': 3285}
986: {'bookingid': 610}
987: {'bookingid': 955}
988: {'bookingid': 2021}
989: {'bookingid': 3215}
990: {'bookingid': 92}
991: {'bookingid': 2698}
992: {'bookingid': 1963}
993: {'bookingid': 787}
994: {'bookingid': 3543}
995: {'bookingid': 160}
996: {'bookingid': 255}
997: {'bookingid': 438}
998: {'bookingid': 2176}
999: {'bookingid': 3255}
1000: {'bookingid': 3422}
1001: {'bookingid': 2670}
1002: {'bookingid': 472}
1003: {'bookingid': 3466}
1004: {'bookingid': 1585}
1005: {'bookingid': 425}
1006: {'bookingid': 714}
1007: {'bookingid': 1378}
1008: {'bookingid': 1005}
1009: {'bookingid': 1069}
1010: {'bookingid': 2501}
1011: {'bookingid': 2773}
1012: {'bookingid': 1893}
1013: {'bookingid': 1224}
1014: {'bookingid': 234}
1015: {'bookingid': 2281}
1016: {'bookingid': 648}
1017: {'bookingid': 1995}
1018: {'bookingid': 1603}
1019: {'bookingid': 744}
1020: {'bookingid': 963}
1021: {'bookingid': 3157}
1022: {'bookingid': 2055}
1023: {'bookingid': 3074}
1024: {'bookingid': 1217}
1025: {'bookingid': 624}
1026: {'bookingid': 1202}
1027: {'bookingid': 3048}
1028: {'bookingid': 2910}
1029: {'bookingid': 314}
1030: {'bookingid': 2881}
1031: {'bookingid': 3328}
1032: {'bookingid': 2165}
1033: {'bookingid': 1509}
1034: {'bookingid': 2078}
1035: {'bookingid': 1739}
1036: {'bookingid': 3347}
1037: {'bookingid': 782}
1038: {'bookingid': 178}
1039: {'bookingid': 403}
1040: {'bookingid': 533}
1041: {'bookingid': 1915}
1042: {'bookingid': 3070}
1043: {'bookingid': 1057}
1044: {'bookingid': 3392}
1045: {'bookingid': 871}
1046: {'bookingid': 1286}
1047: {'bookingid': 1875}
1048: {'bookingid': 949}
1049: {'bookingid': 1015}
1050: {'bookingid': 3187}
1051: {'bookingid': 868}
1052: {'bookingid': 919}
1053: {'bookingid': 826}
1054: {'bookingid': 2269}
1055: {'bookingid': 2252}
1056: {'bookingid': 1287}
1057: {'bookingid': 1949}
1058: {'bookingid': 3288}
1059: {'bookingid': 2822}
1060: {'bookingid': 3477}
1061: {'bookingid': 1292}
1062: {'bookingid': 1985}
1063: {'bookingid': 357}
1064: {'bookingid': 1267}
1065: {'bookingid': 1371}
1066: {'bookingid': 3407}
1067: {'bookingid': 1383}
1068: {'bookingid': 2786}
1069: {'bookingid': 961}
1070: {'bookingid': 589}
1071: {'bookingid': 1855}
1072: {'bookingid': 2335}
1073: {'bookingid': 236}
1074: {'bookingid': 2419}
1075: {'bookingid': 3059}
1076: {'bookingid': 3181}
1077: {'bookingid': 660}
1078: {'bookingid': 2548}
1079: {'bookingid': 3492}
1080: {'bookingid': 1669}
1081: {'bookingid': 3227}
1082: {'bookingid': 1146}
1083: {'bookingid': 1828}
1084: {'bookingid': 2926}
1085: {'bookingid': 2507}
1086: {'bookingid': 2981}
1087: {'bookingid': 1626}
1088: {'bookingid': 874}
1089: {'bookingid': 3014}
1090: {'bookingid': 3486}
1091: {'bookingid': 581}
1092: {'bookingid': 55}
1093: {'bookingid': 1393}
1094: {'bookingid': 428}
1095: {'bookingid': 2343}
1096: {'bookingid': 1113}
1097: {'bookingid': 1969}
1098: {'bookingid': 880}
1099: {'bookingid': 3512}
1100: {'bookingid': 1617}
1101: {'bookingid': 2096}
1102: {'bookingid': 2531}
1103: {'bookingid': 3038}
1104: {'bookingid': 480}
1105: {'bookingid': 2780}
1106: {'bookingid': 2658}
1107: {'bookingid': 1354}
1108: {'bookingid': 3056}</msg>
<arg>${response.json()}</arg>
<doc>Logs the length and contents of the ``list`` using given ``level``.</doc>
<status status="PASS" start="2024-09-25T19:27:57.033122" elapsed="0.005984"/>
</kw>
<for flavor="IN">
<iter>
<kw name="GET" owner="RequestsLibrary">
<msg time="2024-09-25T19:27:57.493172" level="INFO">GET Request : url=https://restful-booker.herokuapp.com/booking/3107 
 path_url=/booking/3107 
 headers={'User-Agent': 'python-requests/2.32.3', 'Accept-Encoding': 'gzip, deflate', 'Accept': '*/*', 'Connection': 'keep-alive'} 
 body=None 
 </msg>
<msg time="2024-09-25T19:27:57.493172" level="INFO">GET Response : url=https://restful-booker.herokuapp.com/booking/3107 
 status=200, reason=OK 
 headers={'Server': 'Cowboy', 'Report-To': '{"group":"heroku-nel","max_age":3600,"endpoints":[{"url":"https://nel.heroku.com/reports?ts=1727288877&amp;sid=c46efe9b-d3d2-4a0c-8c76-bfafa16c5add&amp;s=XRu50aJcr2sdjyWxS5bg%2FV6%2BAcgXX3S29WFPuzRO9Z0%3D"}]}', 'Reporting-Endpoints': 'heroku-nel=https://nel.heroku.com/reports?ts=1727288877&amp;sid=c46efe9b-d3d2-4a0c-8c76-bfafa16c5add&amp;s=XRu50aJcr2sdjyWxS5bg%2FV6%2BAcgXX3S29WFPuzRO9Z0%3D', 'Nel': '{"report_to":"heroku-nel","max_age":3600,"success_fraction":0.005,"failure_fraction":0.05,"response_headers":["Via"]}', 'Connection': 'keep-alive', 'X-Powered-By': 'Express', 'Content-Type': 'application/json; charset=utf-8', 'Content-Length': '169', 'Etag': 'W/"a9-pLno4M4jARCCH8k0BsLT0ALMqUE"', 'Date': 'Wed, 25 Sep 2024 18:27:57 GMT', 'Via': '1.1 vegur'} 
 body={"firstname":"John","lastname":"Smith","totalprice":111,"depositpaid":true,"bookingdates":{"checkin":"2018-01-01","checkout":"2019-01-01"},"additionalneeds":"Breakfast"} 
 </msg>
<msg time="2024-09-25T19:27:57.494168" level="INFO">${response} = &lt;Response [200]&gt;</msg>
<var>${response}</var>
<arg>https://restful-booker.herokuapp.com/booking/${booking}[bookingid]</arg>
<doc>Sends a GET request.</doc>
<status status="PASS" start="2024-09-25T19:27:57.042102" elapsed="0.452066"/>
</kw>
<try>
<branch type="TRY">
<kw name="Log" owner="BuiltIn">
<msg time="2024-09-25T19:27:57.496163" level="INFO">{'firstname': 'John', 'lastname': 'Smith', 'totalprice': 111, 'depositpaid': True, 'bookingdates': {'checkin': '2018-01-01', 'checkout': '2019-01-01'}, 'additionalneeds': 'Breakfast'}</msg>
<arg>${response.json()}</arg>
<doc>Logs the given message with the given level.</doc>
<status status="PASS" start="2024-09-25T19:27:57.494168" elapsed="0.001995"/>
</kw>
<status status="PASS" start="2024-09-25T19:27:57.494168" elapsed="0.001995"/>
</branch>
<branch type="EXCEPT">
<kw name="Log" owner="BuiltIn">
<arg>Cannot retrieve JSON due to invalid data</arg>
<doc>Logs the given message with the given level.</doc>
<status status="NOT RUN" start="2024-09-25T19:27:57.496163" elapsed="0.000000"/>
</kw>
<status status="NOT RUN" start="2024-09-25T19:27:57.496163" elapsed="0.000000"/>
</branch>
<status status="PASS" start="2024-09-25T19:27:57.494168" elapsed="0.002992"/>
</try>
<var name="${booking}">{'bookingid': 3107}</var>
<status status="PASS" start="2024-09-25T19:27:57.042102" elapsed="0.455058"/>
</iter>
<iter>
<kw name="GET" owner="RequestsLibrary">
<msg time="2024-09-25T19:27:57.892465" level="INFO">GET Request : url=https://restful-booker.herokuapp.com/booking/729 
 path_url=/booking/729 
 headers={'User-Agent': 'python-requests/2.32.3', 'Accept-Encoding': 'gzip, deflate', 'Accept': '*/*', 'Connection': 'keep-alive'} 
 body=None 
 </msg>
<msg time="2024-09-25T19:27:57.892465" level="INFO">GET Response : url=https://restful-booker.herokuapp.com/booking/729 
 status=200, reason=OK 
 headers={'Server': 'Cowboy', 'Report-To': '{"group":"heroku-nel","max_age":3600,"endpoints":[{"url":"https://nel.heroku.com/reports?ts=1727288877&amp;sid=c46efe9b-d3d2-4a0c-8c76-bfafa16c5add&amp;s=XRu50aJcr2sdjyWxS5bg%2FV6%2BAcgXX3S29WFPuzRO9Z0%3D"}]}', 'Reporting-Endpoints': 'heroku-nel=https://nel.heroku.com/reports?ts=1727288877&amp;sid=c46efe9b-d3d2-4a0c-8c76-bfafa16c5add&amp;s=XRu50aJcr2sdjyWxS5bg%2FV6%2BAcgXX3S29WFPuzRO9Z0%3D', 'Nel': '{"report_to":"heroku-nel","max_age":3600,"success_fraction":0.005,"failure_fraction":0.05,"response_headers":["Via"]}', 'Connection': 'keep-alive', 'X-Powered-By': 'Express', 'Content-Type': 'application/json; charset=utf-8', 'Content-Length': '169', 'Etag': 'W/"a9-pLno4M4jARCCH8k0BsLT0ALMqUE"', 'Date': 'Wed, 25 Sep 2024 18:27:57 GMT', 'Via': '1.1 vegur'} 
 body={"firstname":"John","lastname":"Smith","totalprice":111,"depositpaid":true,"bookingdates":{"checkin":"2018-01-01","checkout":"2019-01-01"},"additionalneeds":"Breakfast"} 
 </msg>
<msg time="2024-09-25T19:27:57.893465" level="INFO">${response} = &lt;Response [200]&gt;</msg>
<var>${response}</var>
<arg>https://restful-booker.herokuapp.com/booking/${booking}[bookingid]</arg>
<doc>Sends a GET request.</doc>
<status status="PASS" start="2024-09-25T19:27:57.497160" elapsed="0.396305"/>
</kw>
<try>
<branch type="TRY">
<kw name="Log" owner="BuiltIn">
<msg time="2024-09-25T19:27:57.895455" level="INFO">{'firstname': 'John', 'lastname': 'Smith', 'totalprice': 111, 'depositpaid': True, 'bookingdates': {'checkin': '2018-01-01', 'checkout': '2019-01-01'}, 'additionalneeds': 'Breakfast'}</msg>
<arg>${response.json()}</arg>
<doc>Logs the given message with the given level.</doc>
<status status="PASS" start="2024-09-25T19:27:57.894427" elapsed="0.001028"/>
</kw>
<status status="PASS" start="2024-09-25T19:27:57.893465" elapsed="0.001990"/>
</branch>
<branch type="EXCEPT">
<kw name="Log" owner="BuiltIn">
<arg>Cannot retrieve JSON due to invalid data</arg>
<doc>Logs the given message with the given level.</doc>
<status status="NOT RUN" start="2024-09-25T19:27:57.896458" elapsed="0.000000"/>
</kw>
<status status="NOT RUN" start="2024-09-25T19:27:57.895455" elapsed="0.001003"/>
</branch>
<status status="PASS" start="2024-09-25T19:27:57.893465" elapsed="0.002993"/>
</try>
<var name="${booking}">{'bookingid': 729}</var>
<status status="PASS" start="2024-09-25T19:27:57.497160" elapsed="0.399298"/>
</iter>
<iter>
<kw name="GET" owner="RequestsLibrary">
<msg time="2024-09-25T19:27:58.297150" level="INFO">GET Request : url=https://restful-booker.herokuapp.com/booking/366 
 path_url=/booking/366 
 headers={'User-Agent': 'python-requests/2.32.3', 'Accept-Encoding': 'gzip, deflate', 'Accept': '*/*', 'Connection': 'keep-alive'} 
 body=None 
 </msg>
<msg time="2024-09-25T19:27:58.297150" level="INFO">GET Response : url=https://restful-booker.herokuapp.com/booking/366 
 status=200, reason=OK 
 headers={'Server': 'Cowboy', 'Report-To': '{"group":"heroku-nel","max_age":3600,"endpoints":[{"url":"https://nel.heroku.com/reports?ts=1727288878&amp;sid=c46efe9b-d3d2-4a0c-8c76-bfafa16c5add&amp;s=w0sZOYX%2BoFNu%2FtJrYufKIUz93KeB58f8vXKMG8EuKGo%3D"}]}', 'Reporting-Endpoints': 'heroku-nel=https://nel.heroku.com/reports?ts=1727288878&amp;sid=c46efe9b-d3d2-4a0c-8c76-bfafa16c5add&amp;s=w0sZOYX%2BoFNu%2FtJrYufKIUz93KeB58f8vXKMG8EuKGo%3D', 'Nel': '{"report_to":"heroku-nel","max_age":3600,"success_fraction":0.005,"failure_fraction":0.05,"response_headers":["Via"]}', 'Connection': 'keep-alive', 'X-Powered-By': 'Express', 'Content-Type': 'application/json; charset=utf-8', 'Content-Length': '169', 'Etag': 'W/"a9-pLno4M4jARCCH8k0BsLT0ALMqUE"', 'Date': 'Wed, 25 Sep 2024 18:27:58 GMT', 'Via': '1.1 vegur'} 
 body={"firstname":"John","lastname":"Smith","totalprice":111,"depositpaid":true,"bookingdates":{"checkin":"2018-01-01","checkout":"2019-01-01"},"additionalneeds":"Breakfast"} 
 </msg>
<msg time="2024-09-25T19:27:58.298147" level="INFO">${response} = &lt;Response [200]&gt;</msg>
<var>${response}</var>
<arg>https://restful-booker.herokuapp.com/booking/${booking}[bookingid]</arg>
<doc>Sends a GET request.</doc>
<status status="PASS" start="2024-09-25T19:27:57.897454" elapsed="0.400693"/>
</kw>
<try>
<branch type="TRY">
<kw name="Log" owner="BuiltIn">
<msg time="2024-09-25T19:27:58.300141" level="INFO">{'firstname': 'John', 'lastname': 'Smith', 'totalprice': 111, 'depositpaid': True, 'bookingdates': {'checkin': '2018-01-01', 'checkout': '2019-01-01'}, 'additionalneeds': 'Breakfast'}</msg>
<arg>${response.json()}</arg>
<doc>Logs the given message with the given level.</doc>
<status status="PASS" start="2024-09-25T19:27:58.299145" elapsed="0.000996"/>
</kw>
<status status="PASS" start="2024-09-25T19:27:58.298147" elapsed="0.001994"/>
</branch>
<branch type="EXCEPT">
<kw name="Log" owner="BuiltIn">
<arg>Cannot retrieve JSON due to invalid data</arg>
<doc>Logs the given message with the given level.</doc>
<status status="NOT RUN" start="2024-09-25T19:27:58.300141" elapsed="0.000000"/>
</kw>
<status status="NOT RUN" start="2024-09-25T19:27:58.300141" elapsed="0.000000"/>
</branch>
<status status="PASS" start="2024-09-25T19:27:58.298147" elapsed="0.001994"/>
</try>
<var name="${booking}">{'bookingid': 366}</var>
<status status="PASS" start="2024-09-25T19:27:57.896458" elapsed="0.403683"/>
</iter>
<iter>
<kw name="GET" owner="RequestsLibrary">
<msg time="2024-09-25T19:27:58.698845" level="INFO">GET Request : url=https://restful-booker.herokuapp.com/booking/1793 
 path_url=/booking/1793 
 headers={'User-Agent': 'python-requests/2.32.3', 'Accept-Encoding': 'gzip, deflate', 'Accept': '*/*', 'Connection': 'keep-alive'} 
 body=None 
 </msg>
<msg time="2024-09-25T19:27:58.698845" level="INFO">GET Response : url=https://restful-booker.herokuapp.com/booking/1793 
 status=200, reason=OK 
 headers={'Server': 'Cowboy', 'Report-To': '{"group":"heroku-nel","max_age":3600,"endpoints":[{"url":"https://nel.heroku.com/reports?ts=1727288878&amp;sid=c46efe9b-d3d2-4a0c-8c76-bfafa16c5add&amp;s=w0sZOYX%2BoFNu%2FtJrYufKIUz93KeB58f8vXKMG8EuKGo%3D"}]}', 'Reporting-Endpoints': 'heroku-nel=https://nel.heroku.com/reports?ts=1727288878&amp;sid=c46efe9b-d3d2-4a0c-8c76-bfafa16c5add&amp;s=w0sZOYX%2BoFNu%2FtJrYufKIUz93KeB58f8vXKMG8EuKGo%3D', 'Nel': '{"report_to":"heroku-nel","max_age":3600,"success_fraction":0.005,"failure_fraction":0.05,"response_headers":["Via"]}', 'Connection': 'keep-alive', 'X-Powered-By': 'Express', 'Content-Type': 'application/json; charset=utf-8', 'Content-Length': '169', 'Etag': 'W/"a9-pLno4M4jARCCH8k0BsLT0ALMqUE"', 'Date': 'Wed, 25 Sep 2024 18:27:58 GMT', 'Via': '1.1 vegur'} 
 body={"firstname":"John","lastname":"Smith","totalprice":111,"depositpaid":true,"bookingdates":{"checkin":"2018-01-01","checkout":"2019-01-01"},"additionalneeds":"Breakfast"} 
 </msg>
<msg time="2024-09-25T19:27:58.699837" level="INFO">${response} = &lt;Response [200]&gt;</msg>
<var>${response}</var>
<arg>https://restful-booker.herokuapp.com/booking/${booking}[bookingid]</arg>
<doc>Sends a GET request.</doc>
<status status="PASS" start="2024-09-25T19:27:58.301127" elapsed="0.398710"/>
</kw>
<try>
<branch type="TRY">
<kw name="Log" owner="BuiltIn">
<msg time="2024-09-25T19:27:58.699837" level="INFO">{'firstname': 'John', 'lastname': 'Smith', 'totalprice': 111, 'depositpaid': True, 'bookingdates': {'checkin': '2018-01-01', 'checkout': '2019-01-01'}, 'additionalneeds': 'Breakfast'}</msg>
<arg>${response.json()}</arg>
<doc>Logs the given message with the given level.</doc>
<status status="PASS" start="2024-09-25T19:27:58.699837" elapsed="0.000000"/>
</kw>
<status status="PASS" start="2024-09-25T19:27:58.699837" elapsed="0.000000"/>
</branch>
<branch type="EXCEPT">
<kw name="Log" owner="BuiltIn">
<arg>Cannot retrieve JSON due to invalid data</arg>
<doc>Logs the given message with the given level.</doc>
<status status="NOT RUN" start="2024-09-25T19:27:58.700861" elapsed="0.000000"/>
</kw>
<status status="NOT RUN" start="2024-09-25T19:27:58.699837" elapsed="0.001024"/>
</branch>
<status status="PASS" start="2024-09-25T19:27:58.699837" elapsed="0.001024"/>
</try>
<var name="${booking}">{'bookingid': 1793}</var>
<status status="PASS" start="2024-09-25T19:27:58.301127" elapsed="0.399734"/>
</iter>
<iter>
<kw name="GET" owner="RequestsLibrary">
<msg time="2024-09-25T19:27:59.141665" level="INFO">GET Request : url=https://restful-booker.herokuapp.com/booking/3521 
 path_url=/booking/3521 
 headers={'User-Agent': 'python-requests/2.32.3', 'Accept-Encoding': 'gzip, deflate', 'Accept': '*/*', 'Connection': 'keep-alive'} 
 body=None 
 </msg>
<msg time="2024-09-25T19:27:59.142661" level="INFO">GET Response : url=https://restful-booker.herokuapp.com/booking/3521 
 status=200, reason=OK 
 headers={'Server': 'Cowboy', 'Report-To': '{"group":"heroku-nel","max_age":3600,"endpoints":[{"url":"https://nel.heroku.com/reports?ts=1727288879&amp;sid=c46efe9b-d3d2-4a0c-8c76-bfafa16c5add&amp;s=xEVg9hOJfYGsEJ7WwGSYWx3%2B7lIYV6kUa59vO%2B0dfIY%3D"}]}', 'Reporting-Endpoints': 'heroku-nel=https://nel.heroku.com/reports?ts=1727288879&amp;sid=c46efe9b-d3d2-4a0c-8c76-bfafa16c5add&amp;s=xEVg9hOJfYGsEJ7WwGSYWx3%2B7lIYV6kUa59vO%2B0dfIY%3D', 'Nel': '{"report_to":"heroku-nel","max_age":3600,"success_fraction":0.005,"failure_fraction":0.05,"response_headers":["Via"]}', 'Connection': 'keep-alive', 'X-Powered-By': 'Express', 'Content-Type': 'application/json; charset=utf-8', 'Content-Length': '166', 'Etag': 'W/"a6-vPXjncGrn8Piq6F1iJO/U7WUYCA"', 'Date': 'Wed, 25 Sep 2024 18:27:59 GMT', 'Via': '1.1 vegur'} 
 body={"firstname":"John","lastname":"Smith","totalprice":111,"depositpaid":true,"bookingdates":{"checkin":"2018-01-01","checkout":"2019-01-01"},"additionalneeds":"Dinner"} 
 </msg>
<msg time="2024-09-25T19:27:59.143624" level="INFO">${response} = &lt;Response [200]&gt;</msg>
<var>${response}</var>
<arg>https://restful-booker.herokuapp.com/booking/${booking}[bookingid]</arg>
<doc>Sends a GET request.</doc>
<status status="PASS" start="2024-09-25T19:27:58.700861" elapsed="0.442763"/>
</kw>
<try>
<branch type="TRY">
<kw name="Log" owner="BuiltIn">
<msg time="2024-09-25T19:27:59.145652" level="INFO">{'firstname': 'John', 'lastname': 'Smith', 'totalprice': 111, 'depositpaid': True, 'bookingdates': {'checkin': '2018-01-01', 'checkout': '2019-01-01'}, 'additionalneeds': 'Dinner'}</msg>
<arg>${response.json()}</arg>
<doc>Logs the given message with the given level.</doc>
<status status="PASS" start="2024-09-25T19:27:59.143624" elapsed="0.002028"/>
</kw>
<status status="PASS" start="2024-09-25T19:27:59.143624" elapsed="0.002028"/>
</branch>
<branch type="EXCEPT">
<kw name="Log" owner="BuiltIn">
<arg>Cannot retrieve JSON due to invalid data</arg>
<doc>Logs the given message with the given level.</doc>
<status status="NOT RUN" start="2024-09-25T19:27:59.145652" elapsed="0.000996"/>
</kw>
<status status="NOT RUN" start="2024-09-25T19:27:59.145652" elapsed="0.000996"/>
</branch>
<status status="PASS" start="2024-09-25T19:27:59.143624" elapsed="0.003024"/>
</try>
<var name="${booking}">{'bookingid': 3521}</var>
<status status="PASS" start="2024-09-25T19:27:58.700861" elapsed="0.445787"/>
</iter>
<iter>
<kw name="GET" owner="RequestsLibrary">
<msg time="2024-09-25T19:27:59.573222" level="INFO">GET Request : url=https://restful-booker.herokuapp.com/booking/3220 
 path_url=/booking/3220 
 headers={'User-Agent': 'python-requests/2.32.3', 'Accept-Encoding': 'gzip, deflate', 'Accept': '*/*', 'Connection': 'keep-alive'} 
 body=None 
 </msg>
<msg time="2024-09-25T19:27:59.573222" level="INFO">GET Response : url=https://restful-booker.herokuapp.com/booking/3220 
 status=200, reason=OK 
 headers={'Server': 'Cowboy', 'Report-To': '{"group":"heroku-nel","max_age":3600,"endpoints":[{"url":"https://nel.heroku.com/reports?ts=1727288879&amp;sid=c46efe9b-d3d2-4a0c-8c76-bfafa16c5add&amp;s=xEVg9hOJfYGsEJ7WwGSYWx3%2B7lIYV6kUa59vO%2B0dfIY%3D"}]}', 'Reporting-Endpoints': 'heroku-nel=https://nel.heroku.com/reports?ts=1727288879&amp;sid=c46efe9b-d3d2-4a0c-8c76-bfafa16c5add&amp;s=xEVg9hOJfYGsEJ7WwGSYWx3%2B7lIYV6kUa59vO%2B0dfIY%3D', 'Nel': '{"report_to":"heroku-nel","max_age":3600,"success_fraction":0.005,"failure_fraction":0.05,"response_headers":["Via"]}', 'Connection': 'keep-alive', 'X-Powered-By': 'Express', 'Content-Type': 'application/json; charset=utf-8', 'Content-Length': '169', 'Etag': 'W/"a9-pLno4M4jARCCH8k0BsLT0ALMqUE"', 'Date': 'Wed, 25 Sep 2024 18:27:59 GMT', 'Via': '1.1 vegur'} 
 body={"firstname":"John","lastname":"Smith","totalprice":111,"depositpaid":true,"bookingdates":{"checkin":"2018-01-01","checkout":"2019-01-01"},"additionalneeds":"Breakfast"} 
 </msg>
<msg time="2024-09-25T19:27:59.573222" level="INFO">${response} = &lt;Response [200]&gt;</msg>
<var>${response}</var>
<arg>https://restful-booker.herokuapp.com/booking/${booking}[bookingid]</arg>
<doc>Sends a GET request.</doc>
<status status="PASS" start="2024-09-25T19:27:59.146648" elapsed="0.426574"/>
</kw>
<try>
<branch type="TRY">
<kw name="Log" owner="BuiltIn">
<msg time="2024-09-25T19:27:59.574214" level="INFO">{'firstname': 'John', 'lastname': 'Smith', 'totalprice': 111, 'depositpaid': True, 'bookingdates': {'checkin': '2018-01-01', 'checkout': '2019-01-01'}, 'additionalneeds': 'Breakfast'}</msg>
<arg>${response.json()}</arg>
<doc>Logs the given message with the given level.</doc>
<status status="PASS" start="2024-09-25T19:27:59.574214" elapsed="0.000000"/>
</kw>
<status status="PASS" start="2024-09-25T19:27:59.573222" elapsed="0.000992"/>
</branch>
<branch type="EXCEPT">
<kw name="Log" owner="BuiltIn">
<arg>Cannot retrieve JSON due to invalid data</arg>
<doc>Logs the given message with the given level.</doc>
<status status="NOT RUN" start="2024-09-25T19:27:59.574214" elapsed="0.000000"/>
</kw>
<status status="NOT RUN" start="2024-09-25T19:27:59.574214" elapsed="0.000000"/>
</branch>
<status status="PASS" start="2024-09-25T19:27:59.573222" elapsed="0.000992"/>
</try>
<var name="${booking}">{'bookingid': 3220}</var>
<status status="PASS" start="2024-09-25T19:27:59.146648" elapsed="0.428563"/>
</iter>
<iter>
<kw name="GET" owner="RequestsLibrary">
<msg time="2024-09-25T19:28:00.016882" level="INFO">GET Request : url=https://restful-booker.herokuapp.com/booking/12 
 path_url=/booking/12 
 headers={'User-Agent': 'python-requests/2.32.3', 'Accept-Encoding': 'gzip, deflate', 'Accept': '*/*', 'Connection': 'keep-alive'} 
 body=None 
 </msg>
<msg time="2024-09-25T19:28:00.016882" level="INFO">GET Response : url=https://restful-booker.herokuapp.com/booking/12 
 status=200, reason=OK 
 headers={'Server': 'Cowboy', 'Report-To': '{"group":"heroku-nel","max_age":3600,"endpoints":[{"url":"https://nel.heroku.com/reports?ts=1727288880&amp;sid=c46efe9b-d3d2-4a0c-8c76-bfafa16c5add&amp;s=BIpaPeV7zQVGWIjjk26Pg37nLlw5kt4KoIE0ev5nF94%3D"}]}', 'Reporting-Endpoints': 'heroku-nel=https://nel.heroku.com/reports?ts=1727288880&amp;sid=c46efe9b-d3d2-4a0c-8c76-bfafa16c5add&amp;s=BIpaPeV7zQVGWIjjk26Pg37nLlw5kt4KoIE0ev5nF94%3D', 'Nel': '{"report_to":"heroku-nel","max_age":3600,"success_fraction":0.005,"failure_fraction":0.05,"response_headers":["Via"]}', 'Connection': 'keep-alive', 'X-Powered-By': 'Express', 'Content-Type': 'application/json; charset=utf-8', 'Content-Length': '169', 'Etag': 'W/"a9-pLno4M4jARCCH8k0BsLT0ALMqUE"', 'Date': 'Wed, 25 Sep 2024 18:28:00 GMT', 'Via': '1.1 vegur'} 
 body={"firstname":"John","lastname":"Smith","totalprice":111,"depositpaid":true,"bookingdates":{"checkin":"2018-01-01","checkout":"2019-01-01"},"additionalneeds":"Breakfast"} 
 </msg>
<msg time="2024-09-25T19:28:00.016882" level="INFO">${response} = &lt;Response [200]&gt;</msg>
<var>${response}</var>
<arg>https://restful-booker.herokuapp.com/booking/${booking}[bookingid]</arg>
<doc>Sends a GET request.</doc>
<status status="PASS" start="2024-09-25T19:27:59.575211" elapsed="0.441671"/>
</kw>
<try>
<branch type="TRY">
<kw name="Log" owner="BuiltIn">
<msg time="2024-09-25T19:28:00.017880" level="INFO">{'firstname': 'John', 'lastname': 'Smith', 'totalprice': 111, 'depositpaid': True, 'bookingdates': {'checkin': '2018-01-01', 'checkout': '2019-01-01'}, 'additionalneeds': 'Breakfast'}</msg>
<arg>${response.json()}</arg>
<doc>Logs the given message with the given level.</doc>
<status status="PASS" start="2024-09-25T19:28:00.016882" elapsed="0.000998"/>
</kw>
<status status="PASS" start="2024-09-25T19:28:00.016882" elapsed="0.000998"/>
</branch>
<branch type="EXCEPT">
<kw name="Log" owner="BuiltIn">
<arg>Cannot retrieve JSON due to invalid data</arg>
<doc>Logs the given message with the given level.</doc>
<status status="NOT RUN" start="2024-09-25T19:28:00.017880" elapsed="0.000000"/>
</kw>
<status status="NOT RUN" start="2024-09-25T19:28:00.017880" elapsed="0.000000"/>
</branch>
<status status="PASS" start="2024-09-25T19:28:00.016882" elapsed="0.000998"/>
</try>
<var name="${booking}">{'bookingid': 12}</var>
<status status="PASS" start="2024-09-25T19:27:59.575211" elapsed="0.442669"/>
</iter>
<iter>
<kw name="GET" owner="RequestsLibrary">
<msg time="2024-09-25T19:28:00.407036" level="INFO">GET Request : url=https://restful-booker.herokuapp.com/booking/2349 
 path_url=/booking/2349 
 headers={'User-Agent': 'python-requests/2.32.3', 'Accept-Encoding': 'gzip, deflate', 'Accept': '*/*', 'Connection': 'keep-alive'} 
 body=None 
 </msg>
<msg time="2024-09-25T19:28:00.407036" level="INFO">GET Response : url=https://restful-booker.herokuapp.com/booking/2349 
 status=200, reason=OK 
 headers={'Server': 'Cowboy', 'Report-To': '{"group":"heroku-nel","max_age":3600,"endpoints":[{"url":"https://nel.heroku.com/reports?ts=1727288880&amp;sid=c46efe9b-d3d2-4a0c-8c76-bfafa16c5add&amp;s=BIpaPeV7zQVGWIjjk26Pg37nLlw5kt4KoIE0ev5nF94%3D"}]}', 'Reporting-Endpoints': 'heroku-nel=https://nel.heroku.com/reports?ts=1727288880&amp;sid=c46efe9b-d3d2-4a0c-8c76-bfafa16c5add&amp;s=BIpaPeV7zQVGWIjjk26Pg37nLlw5kt4KoIE0ev5nF94%3D', 'Nel': '{"report_to":"heroku-nel","max_age":3600,"success_fraction":0.005,"failure_fraction":0.05,"response_headers":["Via"]}', 'Connection': 'keep-alive', 'X-Powered-By': 'Express', 'Content-Type': 'application/json; charset=utf-8', 'Content-Length': '169', 'Etag': 'W/"a9-pLno4M4jARCCH8k0BsLT0ALMqUE"', 'Date': 'Wed, 25 Sep 2024 18:28:00 GMT', 'Via': '1.1 vegur'} 
 body={"firstname":"John","lastname":"Smith","totalprice":111,"depositpaid":true,"bookingdates":{"checkin":"2018-01-01","checkout":"2019-01-01"},"additionalneeds":"Breakfast"} 
 </msg>
<msg time="2024-09-25T19:28:00.407036" level="INFO">${response} = &lt;Response [200]&gt;</msg>
<var>${response}</var>
<arg>https://restful-booker.herokuapp.com/booking/${booking}[bookingid]</arg>
<doc>Sends a GET request.</doc>
<status status="PASS" start="2024-09-25T19:28:00.017880" elapsed="0.389156"/>
</kw>
<try>
<branch type="TRY">
<kw name="Log" owner="BuiltIn">
<msg time="2024-09-25T19:28:00.408032" level="INFO">{'firstname': 'John', 'lastname': 'Smith', 'totalprice': 111, 'depositpaid': True, 'bookingdates': {'checkin': '2018-01-01', 'checkout': '2019-01-01'}, 'additionalneeds': 'Breakfast'}</msg>
<arg>${response.json()}</arg>
<doc>Logs the given message with the given level.</doc>
<status status="PASS" start="2024-09-25T19:28:00.408032" elapsed="0.000000"/>
</kw>
<status status="PASS" start="2024-09-25T19:28:00.408032" elapsed="0.000000"/>
</branch>
<branch type="EXCEPT">
<kw name="Log" owner="BuiltIn">
<arg>Cannot retrieve JSON due to invalid data</arg>
<doc>Logs the given message with the given level.</doc>
<status status="NOT RUN" start="2024-09-25T19:28:00.408032" elapsed="0.000000"/>
</kw>
<status status="NOT RUN" start="2024-09-25T19:28:00.408032" elapsed="0.000000"/>
</branch>
<status status="PASS" start="2024-09-25T19:28:00.407036" elapsed="0.000996"/>
</try>
<var name="${booking}">{'bookingid': 2349}</var>
<status status="PASS" start="2024-09-25T19:28:00.017880" elapsed="0.390152"/>
</iter>
<iter>
<kw name="GET" owner="RequestsLibrary">
<msg time="2024-09-25T19:28:00.816972" level="INFO">GET Request : url=https://restful-booker.herokuapp.com/booking/3272 
 path_url=/booking/3272 
 headers={'User-Agent': 'python-requests/2.32.3', 'Accept-Encoding': 'gzip, deflate', 'Accept': '*/*', 'Connection': 'keep-alive'} 
 body=None 
 </msg>
<msg time="2024-09-25T19:28:00.816972" level="INFO">GET Response : url=https://restful-booker.herokuapp.com/booking/3272 
 status=200, reason=OK 
 headers={'Server': 'Cowboy', 'Report-To': '{"group":"heroku-nel","max_age":3600,"endpoints":[{"url":"https://nel.heroku.com/reports?ts=1727288880&amp;sid=c46efe9b-d3d2-4a0c-8c76-bfafa16c5add&amp;s=BIpaPeV7zQVGWIjjk26Pg37nLlw5kt4KoIE0ev5nF94%3D"}]}', 'Reporting-Endpoints': 'heroku-nel=https://nel.heroku.com/reports?ts=1727288880&amp;sid=c46efe9b-d3d2-4a0c-8c76-bfafa16c5add&amp;s=BIpaPeV7zQVGWIjjk26Pg37nLlw5kt4KoIE0ev5nF94%3D', 'Nel': '{"report_to":"heroku-nel","max_age":3600,"success_fraction":0.005,"failure_fraction":0.05,"response_headers":["Via"]}', 'Connection': 'keep-alive', 'X-Powered-By': 'Express', 'Content-Type': 'application/json; charset=utf-8', 'Content-Length': '169', 'Etag': 'W/"a9-pLno4M4jARCCH8k0BsLT0ALMqUE"', 'Date': 'Wed, 25 Sep 2024 18:28:00 GMT', 'Via': '1.1 vegur'} 
 body={"firstname":"John","lastname":"Smith","totalprice":111,"depositpaid":true,"bookingdates":{"checkin":"2018-01-01","checkout":"2019-01-01"},"additionalneeds":"Breakfast"} 
 </msg>
<msg time="2024-09-25T19:28:00.816972" level="INFO">${response} = &lt;Response [200]&gt;</msg>
<var>${response}</var>
<arg>https://restful-booker.herokuapp.com/booking/${booking}[bookingid]</arg>
<doc>Sends a GET request.</doc>
<status status="PASS" start="2024-09-25T19:28:00.409029" elapsed="0.407943"/>
</kw>
<try>
<branch type="TRY">
<kw name="Log" owner="BuiltIn">
<msg time="2024-09-25T19:28:00.817966" level="INFO">{'firstname': 'John', 'lastname': 'Smith', 'totalprice': 111, 'depositpaid': True, 'bookingdates': {'checkin': '2018-01-01', 'checkout': '2019-01-01'}, 'additionalneeds': 'Breakfast'}</msg>
<arg>${response.json()}</arg>
<doc>Logs the given message with the given level.</doc>
<status status="PASS" start="2024-09-25T19:28:00.817966" elapsed="0.000000"/>
</kw>
<status status="PASS" start="2024-09-25T19:28:00.817966" elapsed="0.000000"/>
</branch>
<branch type="EXCEPT">
<kw name="Log" owner="BuiltIn">
<arg>Cannot retrieve JSON due to invalid data</arg>
<doc>Logs the given message with the given level.</doc>
<status status="NOT RUN" start="2024-09-25T19:28:00.817966" elapsed="0.000000"/>
</kw>
<status status="NOT RUN" start="2024-09-25T19:28:00.817966" elapsed="0.000000"/>
</branch>
<status status="PASS" start="2024-09-25T19:28:00.817966" elapsed="0.000000"/>
</try>
<var name="${booking}">{'bookingid': 3272}</var>
<status status="PASS" start="2024-09-25T19:28:00.409029" elapsed="0.408937"/>
</iter>
<iter>
<kw name="GET" owner="RequestsLibrary">
<msg time="2024-09-25T19:28:01.203909" level="INFO">GET Request : url=https://restful-booker.herokuapp.com/booking/1786 
 path_url=/booking/1786 
 headers={'User-Agent': 'python-requests/2.32.3', 'Accept-Encoding': 'gzip, deflate', 'Accept': '*/*', 'Connection': 'keep-alive'} 
 body=None 
 </msg>
<msg time="2024-09-25T19:28:01.203909" level="INFO">GET Response : url=https://restful-booker.herokuapp.com/booking/1786 
 status=200, reason=OK 
 headers={'Server': 'Cowboy', 'Report-To': '{"group":"heroku-nel","max_age":3600,"endpoints":[{"url":"https://nel.heroku.com/reports?ts=1727288881&amp;sid=c46efe9b-d3d2-4a0c-8c76-bfafa16c5add&amp;s=AW3M3lwbUINMDP4Q7veGJMoyQWR78LZ0sR4OLOfWyYY%3D"}]}', 'Reporting-Endpoints': 'heroku-nel=https://nel.heroku.com/reports?ts=1727288881&amp;sid=c46efe9b-d3d2-4a0c-8c76-bfafa16c5add&amp;s=AW3M3lwbUINMDP4Q7veGJMoyQWR78LZ0sR4OLOfWyYY%3D', 'Nel': '{"report_to":"heroku-nel","max_age":3600,"success_fraction":0.005,"failure_fraction":0.05,"response_headers":["Via"]}', 'Connection': 'keep-alive', 'X-Powered-By': 'Express', 'Content-Type': 'application/json; charset=utf-8', 'Content-Length': '169', 'Etag': 'W/"a9-pLno4M4jARCCH8k0BsLT0ALMqUE"', 'Date': 'Wed, 25 Sep 2024 18:28:01 GMT', 'Via': '1.1 vegur'} 
 body={"firstname":"John","lastname":"Smith","totalprice":111,"depositpaid":true,"bookingdates":{"checkin":"2018-01-01","checkout":"2019-01-01"},"additionalneeds":"Breakfast"} 
 </msg>
<msg time="2024-09-25T19:28:01.203909" level="INFO">${response} = &lt;Response [200]&gt;</msg>
<var>${response}</var>
<arg>https://restful-booker.herokuapp.com/booking/${booking}[bookingid]</arg>
<doc>Sends a GET request.</doc>
<status status="PASS" start="2024-09-25T19:28:00.817966" elapsed="0.385943"/>
</kw>
<try>
<branch type="TRY">
<kw name="Log" owner="BuiltIn">
<msg time="2024-09-25T19:28:01.204906" level="INFO">{'firstname': 'John', 'lastname': 'Smith', 'totalprice': 111, 'depositpaid': True, 'bookingdates': {'checkin': '2018-01-01', 'checkout': '2019-01-01'}, 'additionalneeds': 'Breakfast'}</msg>
<arg>${response.json()}</arg>
<doc>Logs the given message with the given level.</doc>
<status status="PASS" start="2024-09-25T19:28:01.203909" elapsed="0.000997"/>
</kw>
<status status="PASS" start="2024-09-25T19:28:01.203909" elapsed="0.000997"/>
</branch>
<branch type="EXCEPT">
<kw name="Log" owner="BuiltIn">
<arg>Cannot retrieve JSON due to invalid data</arg>
<doc>Logs the given message with the given level.</doc>
<status status="NOT RUN" start="2024-09-25T19:28:01.204906" elapsed="0.000000"/>
</kw>
<status status="NOT RUN" start="2024-09-25T19:28:01.204906" elapsed="0.000000"/>
</branch>
<status status="PASS" start="2024-09-25T19:28:01.203909" elapsed="0.000997"/>
</try>
<var name="${booking}">{'bookingid': 1786}</var>
<status status="PASS" start="2024-09-25T19:28:00.817966" elapsed="0.386940"/>
</iter>
<iter>
<kw name="GET" owner="RequestsLibrary">
<msg time="2024-09-25T19:28:01.640767" level="INFO">GET Request : url=https://restful-booker.herokuapp.com/booking/2177 
 path_url=/booking/2177 
 headers={'User-Agent': 'python-requests/2.32.3', 'Accept-Encoding': 'gzip, deflate', 'Accept': '*/*', 'Connection': 'keep-alive'} 
 body=None 
 </msg>
<msg time="2024-09-25T19:28:01.640767" level="INFO">GET Response : url=https://restful-booker.herokuapp.com/booking/2177 
 status=200, reason=OK 
 headers={'Server': 'Cowboy', 'Report-To': '{"group":"heroku-nel","max_age":3600,"endpoints":[{"url":"https://nel.heroku.com/reports?ts=1727288881&amp;sid=c46efe9b-d3d2-4a0c-8c76-bfafa16c5add&amp;s=AW3M3lwbUINMDP4Q7veGJMoyQWR78LZ0sR4OLOfWyYY%3D"}]}', 'Reporting-Endpoints': 'heroku-nel=https://nel.heroku.com/reports?ts=1727288881&amp;sid=c46efe9b-d3d2-4a0c-8c76-bfafa16c5add&amp;s=AW3M3lwbUINMDP4Q7veGJMoyQWR78LZ0sR4OLOfWyYY%3D', 'Nel': '{"report_to":"heroku-nel","max_age":3600,"success_fraction":0.005,"failure_fraction":0.05,"response_headers":["Via"]}', 'Connection': 'keep-alive', 'X-Powered-By': 'Express', 'Content-Type': 'application/json; charset=utf-8', 'Content-Length': '169', 'Etag': 'W/"a9-pLno4M4jARCCH8k0BsLT0ALMqUE"', 'Date': 'Wed, 25 Sep 2024 18:28:01 GMT', 'Via': '1.1 vegur'} 
 body={"firstname":"John","lastname":"Smith","totalprice":111,"depositpaid":true,"bookingdates":{"checkin":"2018-01-01","checkout":"2019-01-01"},"additionalneeds":"Breakfast"} 
 </msg>
<msg time="2024-09-25T19:28:01.641736" level="INFO">${response} = &lt;Response [200]&gt;</msg>
<var>${response}</var>
<arg>https://restful-booker.herokuapp.com/booking/${booking}[bookingid]</arg>
<doc>Sends a GET request.</doc>
<status status="PASS" start="2024-09-25T19:28:01.204906" elapsed="0.436830"/>
</kw>
<try>
<branch type="TRY">
<kw name="Log" owner="BuiltIn">
<msg time="2024-09-25T19:28:01.641736" level="INFO">{'firstname': 'John', 'lastname': 'Smith', 'totalprice': 111, 'depositpaid': True, 'bookingdates': {'checkin': '2018-01-01', 'checkout': '2019-01-01'}, 'additionalneeds': 'Breakfast'}</msg>
<arg>${response.json()}</arg>
<doc>Logs the given message with the given level.</doc>
<status status="PASS" start="2024-09-25T19:28:01.641736" elapsed="0.000997"/>
</kw>
<status status="PASS" start="2024-09-25T19:28:01.641736" elapsed="0.000997"/>
</branch>
<branch type="EXCEPT">
<kw name="Log" owner="BuiltIn">
<arg>Cannot retrieve JSON due to invalid data</arg>
<doc>Logs the given message with the given level.</doc>
<status status="NOT RUN" start="2024-09-25T19:28:01.642733" elapsed="0.000000"/>
</kw>
[...]
 body={"firstname":"John","lastname":"Smith","totalprice":111,"depositpaid":true,"bookingdates":{"checkin":"2018-01-01","checkout":"2019-01-01"},"additionalneeds":"Breakfast"} 
 </msg>
<msg time="2024-09-25T19:28:26.304354" level="INFO">${response} = &lt;Response [200]&gt;</msg>
<var>${response}</var>
<arg>https://restful-booker.herokuapp.com/booking/${booking}[bookingid]</arg>
<doc>Sends a GET request.</doc>
<status status="PASS" start="2024-09-25T19:28:25.907572" elapsed="0.396782"/>
</kw>
<try>
<branch type="TRY">
<kw name="Log" owner="BuiltIn">
<msg time="2024-09-25T19:28:26.305376" level="INFO">{'firstname': 'John', 'lastname': 'Smith', 'totalprice': 111, 'depositpaid': True, 'bookingdates': {'checkin': '2018-01-01', 'checkout': '2019-01-01'}, 'additionalneeds': 'Breakfast'}</msg>
<arg>${response.json()}</arg>
<doc>Logs the given message with the given level.</doc>
<status status="PASS" start="2024-09-25T19:28:26.304354" elapsed="0.001022"/>
</kw>
<status status="PASS" start="2024-09-25T19:28:26.304354" elapsed="0.001022"/>
</branch>
<branch type="EXCEPT">
<kw name="Log" owner="BuiltIn">
<arg>Cannot retrieve JSON due to invalid data</arg>
<doc>Logs the given message with the given level.</doc>
<status status="NOT RUN" start="2024-09-25T19:28:26.305376" elapsed="0.000000"/>
</kw>
<status status="NOT RUN" start="2024-09-25T19:28:26.305376" elapsed="0.000000"/>
</branch>
<status status="PASS" start="2024-09-25T19:28:26.304354" elapsed="0.001022"/>
</try>
<var name="${booking}">{'bookingid': 2305}</var>
<status status="PASS" start="2024-09-25T19:28:25.907572" elapsed="0.397804"/>
</iter>
<iter>
<kw name="GET" owner="RequestsLibrary">
<msg time="2024-09-25T19:28:26.737569" level="INFO">GET Request : url=https://restful-booker.herokuapp.com/booking/534 
 path_url=/booking/534 
 headers={'User-Agent': 'python-requests/2.32.3', 'Accept-Encoding': 'gzip, deflate', 'Accept': '*/*', 'Connection': 'keep-alive'} 
 body=None 
 </msg>
<msg time="2024-09-25T19:28:26.737569" level="INFO">GET Response : url=https://restful-booker.herokuapp.com/booking/534 
 status=200, reason=OK 
 headers={'Server': 'Cowboy', 'Report-To': '{"group":"heroku-nel","max_age":3600,"endpoints":[{"url":"https://nel.heroku.com/reports?ts=1727288906&amp;sid=c46efe9b-d3d2-4a0c-8c76-bfafa16c5add&amp;s=K58KrRm1JMPskZf7GtfZHWyeEdbWrF1nGAbRSiuthc8%3D"}]}', 'Reporting-Endpoints': 'heroku-nel=https://nel.heroku.com/reports?ts=1727288906&amp;sid=c46efe9b-d3d2-4a0c-8c76-bfafa16c5add&amp;s=K58KrRm1JMPskZf7GtfZHWyeEdbWrF1nGAbRSiuthc8%3D', 'Nel': '{"report_to":"heroku-nel","max_age":3600,"success_fraction":0.005,"failure_fraction":0.05,"response_headers":["Via"]}', 'Connection': 'keep-alive', 'X-Powered-By': 'Express', 'Content-Type': 'application/json; charset=utf-8', 'Content-Length': '169', 'Etag': 'W/"a9-pLno4M4jARCCH8k0BsLT0ALMqUE"', 'Date': 'Wed, 25 Sep 2024 18:28:26 GMT', 'Via': '1.1 vegur'} 
 body={"firstname":"John","lastname":"Smith","totalprice":111,"depositpaid":true,"bookingdates":{"checkin":"2018-01-01","checkout":"2019-01-01"},"additionalneeds":"Breakfast"} 
 </msg>
<msg time="2024-09-25T19:28:26.737569" level="INFO">${response} = &lt;Response [200]&gt;</msg>
<var>${response}</var>
<arg>https://restful-booker.herokuapp.com/booking/${booking}[bookingid]</arg>
<doc>Sends a GET request.</doc>
<status status="PASS" start="2024-09-25T19:28:26.305376" elapsed="0.432193"/>
</kw>
<try>
<branch type="TRY">
<kw name="Log" owner="BuiltIn">
<msg time="2024-09-25T19:28:26.738591" level="INFO">{'firstname': 'John', 'lastname': 'Smith', 'totalprice': 111, 'depositpaid': True, 'bookingdates': {'checkin': '2018-01-01', 'checkout': '2019-01-01'}, 'additionalneeds': 'Breakfast'}</msg>
<arg>${response.json()}</arg>
<doc>Logs the given message with the given level.</doc>
<status status="PASS" start="2024-09-25T19:28:26.737569" elapsed="0.001022"/>
</kw>
<status status="PASS" start="2024-09-25T19:28:26.737569" elapsed="0.001022"/>
</branch>
<branch type="EXCEPT">
<kw name="Log" owner="BuiltIn">
<arg>Cannot retrieve JSON due to invalid data</arg>
<doc>Logs the given message with the given level.</doc>
<status status="NOT RUN" start="2024-09-25T19:28:26.738591" elapsed="0.000000"/>
</kw>
<status status="NOT RUN" start="2024-09-25T19:28:26.738591" elapsed="0.000000"/>
</branch>
<status status="PASS" start="2024-09-25T19:28:26.737569" elapsed="0.001022"/>
</try>
<var name="${booking}">{'bookingid': 534}</var>
<status status="PASS" start="2024-09-25T19:28:26.305376" elapsed="0.433215"/>
</iter>
<iter>
<kw name="GET" owner="RequestsLibrary">
<msg time="2024-09-25T19:28:27.125564" level="INFO">GET Request : url=https://restful-booker.herokuapp.com/booking/2002 
 path_url=/booking/2002 
 headers={'User-Agent': 'python-requests/2.32.3', 'Accept-Encoding': 'gzip, deflate', 'Accept': '*/*', 'Connection': 'keep-alive'} 
 body=None 
 </msg>
<msg time="2024-09-25T19:28:27.126565" level="INFO">GET Response : url=https://restful-booker.herokuapp.com/booking/2002 
 status=200, reason=OK 
 headers={'Server': 'Cowboy', 'Report-To': '{"group":"heroku-nel","max_age":3600,"endpoints":[{"url":"https://nel.heroku.com/reports?ts=1727288907&amp;sid=c46efe9b-d3d2-4a0c-8c76-bfafa16c5add&amp;s=wGaCa0rg1Ek1CIKiDogCwqKG6l5phE9UNKKrlBkNCVY%3D"}]}', 'Reporting-Endpoints': 'heroku-nel=https://nel.heroku.com/reports?ts=1727288907&amp;sid=c46efe9b-d3d2-4a0c-8c76-bfafa16c5add&amp;s=wGaCa0rg1Ek1CIKiDogCwqKG6l5phE9UNKKrlBkNCVY%3D', 'Nel': '{"report_to":"heroku-nel","max_age":3600,"success_fraction":0.005,"failure_fraction":0.05,"response_headers":["Via"]}', 'Connection': 'keep-alive', 'X-Powered-By': 'Express', 'Content-Type': 'application/json; charset=utf-8', 'Content-Length': '169', 'Etag': 'W/"a9-pLno4M4jARCCH8k0BsLT0ALMqUE"', 'Date': 'Wed, 25 Sep 2024 18:28:27 GMT', 'Via': '1.1 vegur'} 
 body={"firstname":"John","lastname":"Smith","totalprice":111,"depositpaid":true,"bookingdates":{"checkin":"2018-01-01","checkout":"2019-01-01"},"additionalneeds":"Breakfast"} 
 </msg>
<msg time="2024-09-25T19:28:27.126565" level="INFO">${response} = &lt;Response [200]&gt;</msg>
<var>${response}</var>
<arg>https://restful-booker.herokuapp.com/booking/${booking}[bookingid]</arg>
<doc>Sends a GET request.</doc>
<status status="PASS" start="2024-09-25T19:28:26.738591" elapsed="0.387974"/>
</kw>
<try>
<branch type="TRY">
<kw name="Log" owner="BuiltIn">
<msg time="2024-09-25T19:28:27.127590" level="INFO">{'firstname': 'John', 'lastname': 'Smith', 'totalprice': 111, 'depositpaid': True, 'bookingdates': {'checkin': '2018-01-01', 'checkout': '2019-01-01'}, 'additionalneeds': 'Breakfast'}</msg>
<arg>${response.json()}</arg>
<doc>Logs the given message with the given level.</doc>
<status status="PASS" start="2024-09-25T19:28:27.126565" elapsed="0.001025"/>
</kw>
<status status="PASS" start="2024-09-25T19:28:27.126565" elapsed="0.001025"/>
</branch>
<branch type="EXCEPT">
<kw name="Log" owner="BuiltIn">
<arg>Cannot retrieve JSON due to invalid data</arg>
<doc>Logs the given message with the given level.</doc>
<status status="NOT RUN" start="2024-09-25T19:28:27.127590" elapsed="0.000000"/>
</kw>
<status status="NOT RUN" start="2024-09-25T19:28:27.127590" elapsed="0.000000"/>
</branch>
<status status="PASS" start="2024-09-25T19:28:27.126565" elapsed="0.001025"/>
</try>
<var name="${booking}">{'bookingid': 2002}</var>
<status status="PASS" start="2024-09-25T19:28:26.738591" elapsed="0.388999"/>
</iter>
<iter>
<kw name="GET" owner="RequestsLibrary">
<msg time="2024-09-25T19:28:27.517304" level="INFO">GET Request : url=https://restful-booker.herokuapp.com/booking/1856 
 path_url=/booking/1856 
 headers={'User-Agent': 'python-requests/2.32.3', 'Accept-Encoding': 'gzip, deflate', 'Accept': '*/*', 'Connection': 'keep-alive'} 
 body=None 
 </msg>
<msg time="2024-09-25T19:28:27.517304" level="INFO">GET Response : url=https://restful-booker.herokuapp.com/booking/1856 
 status=200, reason=OK 
 headers={'Server': 'Cowboy', 'Report-To': '{"group":"heroku-nel","max_age":3600,"endpoints":[{"url":"https://nel.heroku.com/reports?ts=1727288907&amp;sid=c46efe9b-d3d2-4a0c-8c76-bfafa16c5add&amp;s=wGaCa0rg1Ek1CIKiDogCwqKG6l5phE9UNKKrlBkNCVY%3D"}]}', 'Reporting-Endpoints': 'heroku-nel=https://nel.heroku.com/reports?ts=1727288907&amp;sid=c46efe9b-d3d2-4a0c-8c76-bfafa16c5add&amp;s=wGaCa0rg1Ek1CIKiDogCwqKG6l5phE9UNKKrlBkNCVY%3D', 'Nel': '{"report_to":"heroku-nel","max_age":3600,"success_fraction":0.005,"failure_fraction":0.05,"response_headers":["Via"]}', 'Connection': 'keep-alive', 'X-Powered-By': 'Express', 'Content-Type': 'application/json; charset=utf-8', 'Content-Length': '169', 'Etag': 'W/"a9-pLno4M4jARCCH8k0BsLT0ALMqUE"', 'Date': 'Wed, 25 Sep 2024 18:28:27 GMT', 'Via': '1.1 vegur'} 
 body={"firstname":"John","lastname":"Smith","totalprice":111,"depositpaid":true,"bookingdates":{"checkin":"2018-01-01","checkout":"2019-01-01"},"additionalneeds":"Breakfast"} 
 </msg>
<msg time="2024-09-25T19:28:27.517304" level="INFO">${response} = &lt;Response [200]&gt;</msg>
<var>${response}</var>
<arg>https://restful-booker.herokuapp.com/booking/${booking}[bookingid]</arg>
<doc>Sends a GET request.</doc>
<status status="PASS" start="2024-09-25T19:28:27.127590" elapsed="0.389714"/>
</kw>
<try>
<branch type="TRY">
<kw name="Log" owner="BuiltIn">
<msg time="2024-09-25T19:28:27.518301" level="INFO">{'firstname': 'John', 'lastname': 'Smith', 'totalprice': 111, 'depositpaid': True, 'bookingdates': {'checkin': '2018-01-01', 'checkout': '2019-01-01'}, 'additionalneeds': 'Breakfast'}</msg>
<arg>${response.json()}</arg>
<doc>Logs the given message with the given level.</doc>
<status status="PASS" start="2024-09-25T19:28:27.517304" elapsed="0.000997"/>
</kw>
<status status="PASS" start="2024-09-25T19:28:27.517304" elapsed="0.000997"/>
</branch>
<branch type="EXCEPT">
<kw name="Log" owner="BuiltIn">
<arg>Cannot retrieve JSON due to invalid data</arg>
<doc>Logs the given message with the given level.</doc>
<status status="NOT RUN" start="2024-09-25T19:28:27.518301" elapsed="0.000000"/>
</kw>
<status status="NOT RUN" start="2024-09-25T19:28:27.518301" elapsed="0.000000"/>
</branch>
<status status="PASS" start="2024-09-25T19:28:27.517304" elapsed="0.000997"/>
</try>
<var name="${booking}">{'bookingid': 1856}</var>
<status status="PASS" start="2024-09-25T19:28:27.127590" elapsed="0.390711"/>
</iter>
<iter>
<kw name="GET" owner="RequestsLibrary">
<msg time="2024-09-25T19:28:27.905831" level="INFO">GET Request : url=https://restful-booker.herokuapp.com/booking/2892 
 path_url=/booking/2892 
 headers={'User-Agent': 'python-requests/2.32.3', 'Accept-Encoding': 'gzip, deflate', 'Accept': '*/*', 'Connection': 'keep-alive'} 
 body=None 
 </msg>
<msg time="2024-09-25T19:28:27.905831" level="INFO">GET Response : url=https://restful-booker.herokuapp.com/booking/2892 
 status=200, reason=OK 
 headers={'Server': 'Cowboy', 'Report-To': '{"group":"heroku-nel","max_age":3600,"endpoints":[{"url":"https://nel.heroku.com/reports?ts=1727288907&amp;sid=c46efe9b-d3d2-4a0c-8c76-bfafa16c5add&amp;s=wGaCa0rg1Ek1CIKiDogCwqKG6l5phE9UNKKrlBkNCVY%3D"}]}', 'Reporting-Endpoints': 'heroku-nel=https://nel.heroku.com/reports?ts=1727288907&amp;sid=c46efe9b-d3d2-4a0c-8c76-bfafa16c5add&amp;s=wGaCa0rg1Ek1CIKiDogCwqKG6l5phE9UNKKrlBkNCVY%3D', 'Nel': '{"report_to":"heroku-nel","max_age":3600,"success_fraction":0.005,"failure_fraction":0.05,"response_headers":["Via"]}', 'Connection': 'keep-alive', 'X-Powered-By': 'Express', 'Content-Type': 'application/json; charset=utf-8', 'Content-Length': '169', 'Etag': 'W/"a9-pLno4M4jARCCH8k0BsLT0ALMqUE"', 'Date': 'Wed, 25 Sep 2024 18:28:27 GMT', 'Via': '1.1 vegur'} 
 body={"firstname":"John","lastname":"Smith","totalprice":111,"depositpaid":true,"bookingdates":{"checkin":"2018-01-01","checkout":"2019-01-01"},"additionalneeds":"Breakfast"} 
 </msg>
<msg time="2024-09-25T19:28:27.906830" level="INFO">${response} = &lt;Response [200]&gt;</msg>
<var>${response}</var>
<arg>https://restful-booker.herokuapp.com/booking/${booking}[bookingid]</arg>
<doc>Sends a GET request.</doc>
<status status="PASS" start="2024-09-25T19:28:27.518301" elapsed="0.388529"/>
</kw>
<try>
<branch type="TRY">
<kw name="Log" owner="BuiltIn">
<msg time="2024-09-25T19:28:27.907827" level="INFO">{'firstname': 'John', 'lastname': 'Smith', 'totalprice': 111, 'depositpaid': True, 'bookingdates': {'checkin': '2018-01-01', 'checkout': '2019-01-01'}, 'additionalneeds': 'Breakfast'}</msg>
<arg>${response.json()}</arg>
<doc>Logs the given message with the given level.</doc>
<status status="PASS" start="2024-09-25T19:28:27.906830" elapsed="0.000997"/>
</kw>
<status status="PASS" start="2024-09-25T19:28:27.906830" elapsed="0.000997"/>
</branch>
<branch type="EXCEPT">
<kw name="Log" owner="BuiltIn">
<arg>Cannot retrieve JSON due to invalid data</arg>
<doc>Logs the given message with the given level.</doc>
<status status="NOT RUN" start="2024-09-25T19:28:27.907827" elapsed="0.000000"/>
</kw>
<status status="NOT RUN" start="2024-09-25T19:28:27.907827" elapsed="0.000000"/>
</branch>
<status status="PASS" start="2024-09-25T19:28:27.906830" elapsed="0.000997"/>
</try>
<var name="${booking}">{'bookingid': 2892}</var>
<status status="PASS" start="2024-09-25T19:28:27.518301" elapsed="0.389526"/>
</iter>
<iter>
<kw name="GET" owner="RequestsLibrary">
<msg time="2024-09-25T19:28:28.339000" level="INFO">GET Request : url=https://restful-booker.herokuapp.com/booking/347 
 path_url=/booking/347 
 headers={'User-Agent': 'python-requests/2.32.3', 'Accept-Encoding': 'gzip, deflate', 'Accept': '*/*', 'Connection': 'keep-alive'} 
 body=None 
 </msg>
<msg time="2024-09-25T19:28:28.339000" level="INFO">GET Response : url=https://restful-booker.herokuapp.com/booking/347 
 status=200, reason=OK 
 headers={'Server': 'Cowboy', 'Report-To': '{"group":"heroku-nel","max_age":3600,"endpoints":[{"url":"https://nel.heroku.com/reports?ts=1727288908&amp;sid=c46efe9b-d3d2-4a0c-8c76-bfafa16c5add&amp;s=E0yvuATG9FOjTgCpmKdWmUBD5vjoxdHLSPZ%2B6bZMIQg%3D"}]}', 'Reporting-Endpoints': 'heroku-nel=https://nel.heroku.com/reports?ts=1727288908&amp;sid=c46efe9b-d3d2-4a0c-8c76-bfafa16c5add&amp;s=E0yvuATG9FOjTgCpmKdWmUBD5vjoxdHLSPZ%2B6bZMIQg%3D', 'Nel': '{"report_to":"heroku-nel","max_age":3600,"success_fraction":0.005,"failure_fraction":0.05,"response_headers":["Via"]}', 'Connection': 'keep-alive', 'X-Powered-By': 'Express', 'Content-Type': 'application/json; charset=utf-8', 'Content-Length': '169', 'Etag': 'W/"a9-pLno4M4jARCCH8k0BsLT0ALMqUE"', 'Date': 'Wed, 25 Sep 2024 18:28:28 GMT', 'Via': '1.1 vegur'} 
 body={"firstname":"John","lastname":"Smith","totalprice":111,"depositpaid":true,"bookingdates":{"checkin":"2018-01-01","checkout":"2019-01-01"},"additionalneeds":"Breakfast"} 
 </msg>
<msg time="2024-09-25T19:28:28.339000" level="INFO">${response} = &lt;Response [200]&gt;</msg>
<var>${response}</var>
<arg>https://restful-booker.herokuapp.com/booking/${booking}[bookingid]</arg>
<doc>Sends a GET request.</doc>
<status status="PASS" start="2024-09-25T19:28:27.908824" elapsed="0.430176"/>
</kw>
<try>
<branch type="TRY">
<kw name="Log" owner="BuiltIn">
<msg time="2024-09-25T19:28:28.339997" level="INFO">{'firstname': 'John', 'lastname': 'Smith', 'totalprice': 111, 'depositpaid': True, 'bookingdates': {'checkin': '2018-01-01', 'checkout': '2019-01-01'}, 'additionalneeds': 'Breakfast'}</msg>
<arg>${response.json()}</arg>
<doc>Logs the given message with the given level.</doc>
<status status="PASS" start="2024-09-25T19:28:28.339997" elapsed="0.000000"/>
</kw>
<status status="PASS" start="2024-09-25T19:28:28.339000" elapsed="0.000997"/>
</branch>
<branch type="EXCEPT">
<kw name="Log" owner="BuiltIn">
<arg>Cannot retrieve JSON due to invalid data</arg>
<doc>Logs the given message with the given level.</doc>
<status status="NOT RUN" start="2024-09-25T19:28:28.339997" elapsed="0.000000"/>
</kw>
<status status="NOT RUN" start="2024-09-25T19:28:28.339997" elapsed="0.000000"/>
</branch>
<status status="PASS" start="2024-09-25T19:28:28.339000" elapsed="0.000997"/>
</try>
<var name="${booking}">{'bookingid': 347}</var>
<status status="PASS" start="2024-09-25T19:28:27.908824" elapsed="0.431173"/>
</iter>
<iter>
<kw name="GET" owner="RequestsLibrary">
<msg time="2024-09-25T19:28:28.771845" level="INFO">GET Request : url=https://restful-booker.herokuapp.com/booking/2998 
 path_url=/booking/2998 
 headers={'User-Agent': 'python-requests/2.32.3', 'Accept-Encoding': 'gzip, deflate', 'Accept': '*/*', 'Connection': 'keep-alive'} 
 body=None 
 </msg>
<msg time="2024-09-25T19:28:28.771845" level="INFO">GET Response : url=https://restful-booker.herokuapp.com/booking/2998 
 status=200, reason=OK 
 headers={'Server': 'Cowboy', 'Report-To': '{"group":"heroku-nel","max_age":3600,"endpoints":[{"url":"https://nel.heroku.com/reports?ts=1727288908&amp;sid=c46efe9b-d3d2-4a0c-8c76-bfafa16c5add&amp;s=E0yvuATG9FOjTgCpmKdWmUBD5vjoxdHLSPZ%2B6bZMIQg%3D"}]}', 'Reporting-Endpoints': 'heroku-nel=https://nel.heroku.com/reports?ts=1727288908&amp;sid=c46efe9b-d3d2-4a0c-8c76-bfafa16c5add&amp;s=E0yvuATG9FOjTgCpmKdWmUBD5vjoxdHLSPZ%2B6bZMIQg%3D', 'Nel': '{"report_to":"heroku-nel","max_age":3600,"success_fraction":0.005,"failure_fraction":0.05,"response_headers":["Via"]}', 'Connection': 'keep-alive', 'X-Powered-By': 'Express', 'Content-Type': 'application/json; charset=utf-8', 'Content-Length': '169', 'Etag': 'W/"a9-pLno4M4jARCCH8k0BsLT0ALMqUE"', 'Date': 'Wed, 25 Sep 2024 18:28:28 GMT', 'Via': '1.1 vegur'} 
 body={"firstname":"John","lastname":"Smith","totalprice":111,"depositpaid":true,"bookingdates":{"checkin":"2018-01-01","checkout":"2019-01-01"},"additionalneeds":"Breakfast"} 
 </msg>
<msg time="2024-09-25T19:28:28.771845" level="INFO">${response} = &lt;Response [200]&gt;</msg>
<var>${response}</var>
<arg>https://restful-booker.herokuapp.com/booking/${booking}[bookingid]</arg>
<doc>Sends a GET request.</doc>
<status status="PASS" start="2024-09-25T19:28:28.340996" elapsed="0.430849"/>
</kw>
<try>
<branch type="TRY">
<kw name="Log" owner="BuiltIn">
<msg time="2024-09-25T19:28:28.772843" level="INFO">{'firstname': 'John', 'lastname': 'Smith', 'totalprice': 111, 'depositpaid': True, 'bookingdates': {'checkin': '2018-01-01', 'checkout': '2019-01-01'}, 'additionalneeds': 'Breakfast'}</msg>
<arg>${response.json()}</arg>
<doc>Logs the given message with the given level.</doc>
<status status="PASS" start="2024-09-25T19:28:28.771845" elapsed="0.000998"/>
</kw>
<status status="PASS" start="2024-09-25T19:28:28.771845" elapsed="0.000998"/>
</branch>
<branch type="EXCEPT">
<kw name="Log" owner="BuiltIn">
<arg>Cannot retrieve JSON due to invalid data</arg>
<doc>Logs the given message with the given level.</doc>
<status status="NOT RUN" start="2024-09-25T19:28:28.772843" elapsed="0.000000"/>
</kw>
<status status="NOT RUN" start="2024-09-25T19:28:28.772843" elapsed="0.000000"/>
</branch>
<status status="PASS" start="2024-09-25T19:28:28.771845" elapsed="0.000998"/>
</try>
<var name="${booking}">{'bookingid': 2998}</var>
<status status="PASS" start="2024-09-25T19:28:28.340996" elapsed="0.431847"/>
</iter>
<iter>
<kw name="GET" owner="RequestsLibrary">
<msg time="2024-09-25T19:28:29.167451" level="INFO">GET Request : url=https://restful-booker.herokuapp.com/booking/1367 
 path_url=/booking/1367 
 headers={'User-Agent': 'python-requests/2.32.3', 'Accept-Encoding': 'gzip, deflate', 'Accept': '*/*', 'Connection': 'keep-alive'} 
 body=None 
 </msg>
<msg time="2024-09-25T19:28:29.167451" level="INFO">