<?xml version="1.0" encoding="UTF-8"?>
<robot generator="Robot 7.1 (Python 3.11.4 on win32)" generated="2024-09-25T16:38:57.495946" rpa="false" schemaversion="5">
<suite id="s1" name="Keyword Demo Invoice App" source="C:\Users\jason\PycharmProjects\robot_test_framework\Jason_Robot_Framework\tests\Web_UI\keyword_demo\keyword_demo_invoice_app.robot">
<test id="s1-t1" name="Test case 1" line="9">
<kw name="Navigate to invoice app">
<msg time="2024-09-25T16:38:58.347547" level="FAIL">No keyword with name 'Navigate to invoice app' found.</msg>
<status status="FAIL" start="2024-09-25T16:38:58.347547" elapsed="0.000000">No keyword with name 'Navigate to invoice app' found.</status>
</kw>
<kw name="Click 'invoices' on navigation bar">
<status status="NOT RUN" start="2024-09-25T16:38:58.347547" elapsed="0.000000"/>
</kw>
<doc>See all invoices</doc>
<tag>Smoke</tag>
<status status="FAIL" start="2024-09-25T16:38:58.344611" elapsed="0.002936">No keyword with name 'Navigate to invoice app' found.</status>
</test>
<test id="s1-t2" name="Test case 2" line="16">
<kw name="Click 'add invoices' on navigation bar">
<msg time="2024-09-25T16:38:58.351537" level="FAIL">No keyword with name 'Click 'add invoices' on navigation bar' found.</msg>
<status status="FAIL" start="2024-09-25T16:38:58.351537" elapsed="0.001018">No keyword with name 'Click 'add invoices' on navigation bar' found.</status>
</kw>
<kw name="Enter valid invoice details">
<status status="NOT RUN" start="2024-09-25T16:38:58.352555" elapsed="0.000000"/>
</kw>
<kw name="Submit invoice">
<status status="NOT RUN" start="2024-09-25T16:38:58.352555" elapsed="0.000000"/>
</kw>
<doc>Add valid invoice</doc>
<tag>Smoke</tag>
<status status="FAIL" start="2024-09-25T16:38:58.348544" elapsed="0.004988">No keyword with name 'Click 'add invoices' on navigation bar' found.</status>
</test>
<test id="s1-t3" name="Test case 3" line="24">
<kw name="Click 'add invoices' on navigation bar">
<msg time="2024-09-25T16:38:58.355544" level="FAIL">No keyword with name 'Click 'add invoices' on navigation bar' found.</msg>
<status status="FAIL" start="2024-09-25T16:38:58.355544" elapsed="0.000000">No keyword with name 'Click 'add invoices' on navigation bar' found.</status>
</kw>
<kw name="Enter invalid invoice details">
<status status="NOT RUN" start="2024-09-25T16:38:58.356352" elapsed="0.000000"/>
</kw>
<kw name="Submit invoice">
<status status="NOT RUN" start="2024-09-25T16:38:58.356352" elapsed="0.000000"/>
</kw>
<kw name="Alert Should Be Present" owner="SeleniumLibrary">
<doc>Verifies that an alert is present and by default, accepts it.</doc>
<status status="NOT RUN" start="2024-09-25T16:38:58.356910" elapsed="0.000000"/>
</kw>
<doc>Add invalid invoice</doc>
<tag>Smoke</tag>
<status status="FAIL" start="2024-09-25T16:38:58.354529" elapsed="0.002657">No keyword with name 'Click 'add invoices' on navigation bar' found.</status>
</test>
<test id="s1-t4" name="Test case 4" line="33">
<kw name="Click 'add invoices' on navigation bar">
<msg time="2024-09-25T16:38:58.359493" level="FAIL">No keyword with name 'Click 'add invoices' on navigation bar' found.</msg>
<status status="FAIL" start="2024-09-25T16:38:58.359493" elapsed="0.000000">No keyword with name 'Click 'add invoices' on navigation bar' found.</status>
</kw>
<kw name="Enter valid invoice details">
<status status="NOT RUN" start="2024-09-25T16:38:58.359881" elapsed="0.000000"/>
</kw>
<kw name="Cancel invoice">
<status status="NOT RUN" start="2024-09-25T16:38:58.360184" elapsed="0.000000"/>
</kw>
<doc>Cancel invoice</doc>
<tag>Smoke</tag>
<status status="FAIL" start="2024-09-25T16:38:58.357497" elapsed="0.002977">No keyword with name 'Click 'add invoices' on navigation bar' found.</status>
</test>
<test id="s1-t5" name="Test case 5" line="41">
<kw name="End test">
<msg time="2024-09-25T16:38:58.362109" level="FAIL">No keyword with name 'End test' found.</msg>
<status status="FAIL" start="2024-09-25T16:38:58.362109" elapsed="0.000000">No keyword with name 'End test' found.</status>
</kw>
<doc>Cleanup</doc>
<tag>Smoke</tag>
<status status="FAIL" start="2024-09-25T16:38:58.361079" elapsed="0.002023">No keyword with name 'End test' found.</status>
</test>
<status status="FAIL" start="2024-09-25T16:38:57.501930" elapsed="0.861172"/>
</suite>
<statistics>
<total>
<stat pass="0" fail="5" skip="0">All Tests</stat>
</total>
<tag>
<stat pass="0" fail="5" skip="0">Smoke</stat>
</tag>
<suite>
<stat pass="0" fail="5" skip="0" id="s1" name="Keyword Demo Invoice App">Keyword Demo Invoice App</stat>
</suite>
</statistics>
<errors>
<msg time="2024-09-25T16:38:58.343680" level="ERROR">Error in file 'C:\Users\jason\PycharmProjects\robot_test_framework\Jason_Robot_Framework\tests\Web_UI\keyword_demo\keyword_demo_invoice_app.robot' on line 3: Resource file '..\..\resources\common.robot' does not exist.</msg>
</errors>
</robot>
