<?xml version="1.0" encoding="UTF-8"?>
<robot generator="Robot 7.1 (Python 3.11.4 on win32)" generated="2024-09-25T16:44:48.570372" rpa="false" schemaversion="5">
<suite id="s1" name="Keyword Demo Invoice App" source="C:\Users\jason\PycharmProjects\robot_test_framework\Jason_Robot_Framework\tests\Web_UI\keyword_demo\keyword_demo_invoice_app.robot">
<test id="s1-t1" name="Test case 1" line="9">
<kw name="common.Navigate to invoice app">
<msg time="2024-09-25T16:44:49.406606" level="FAIL">No keyword with name 'common.Navigate to invoice app' found.</msg>
<status status="FAIL" start="2024-09-25T16:44:49.406606" elapsed="0.000000">No keyword with name 'common.Navigate to invoice app' found.</status>
</kw>
<kw name="common.Click 'invoices' on navigation bar">
<status status="NOT RUN" start="2024-09-25T16:44:49.407104" elapsed="0.000000"/>
</kw>
<doc>See all invoices</doc>
<tag>Smoke</tag>
<status status="FAIL" start="2024-09-25T16:44:49.403594" elapsed="0.003823">No keyword with name 'common.Navigate to invoice app' found.</status>
</test>
<test id="s1-t2" name="Test case 2" line="16">
<kw name="common.Click 'add invoices' on navigation bar">
<msg time="2024-09-25T16:44:49.410411" level="FAIL">No keyword with name 'common.Click 'add invoices' on navigation bar' found.</msg>
<status status="FAIL" start="2024-09-25T16:44:49.410411" elapsed="0.000000">No keyword with name 'common.Click 'add invoices' on navigation bar' found.</status>
</kw>
<kw name="common.Enter valid invoice details">
<status status="NOT RUN" start="2024-09-25T16:44:49.410786" elapsed="0.000000"/>
</kw>
<kw name="common.Submit invoice">
<status status="NOT RUN" start="2024-09-25T16:44:49.411095" elapsed="0.000000"/>
</kw>
<doc>Add valid invoice</doc>
<tag>Smoke</tag>
<status status="FAIL" start="2024-09-25T16:44:49.408416" elapsed="0.002982">No keyword with name 'common.Click 'add invoices' on navigation bar' found.</status>
</test>
<test id="s1-t3" name="Test case 3" line="24">
<kw name="common.Click 'add invoices' on navigation bar">
<msg time="2024-09-25T16:44:49.413885" level="FAIL">No keyword with name 'common.Click 'add invoices' on navigation bar' found.</msg>
<status status="FAIL" start="2024-09-25T16:44:49.413885" elapsed="0.000000">No keyword with name 'common.Click 'add invoices' on navigation bar' found.</status>
</kw>
<kw name="common.Enter invalid invoice details">
<status status="NOT RUN" start="2024-09-25T16:44:49.414655" elapsed="0.000000"/>
</kw>
<kw name="common.Submit invoice">
<status status="NOT RUN" start="2024-09-25T16:44:49.414953" elapsed="0.000000"/>
</kw>
<kw name="Alert Should Be Present" owner="SeleniumLibrary">
<doc>Verifies that an alert is present and by default, accepts it.</doc>
<status status="NOT RUN" start="2024-09-25T16:44:49.415259" elapsed="0.000000"/>
</kw>
<doc>Add invalid invoice</doc>
<tag>Smoke</tag>
<status status="FAIL" start="2024-09-25T16:44:49.411868" elapsed="0.003670">No keyword with name 'common.Click 'add invoices' on navigation bar' found.</status>
</test>
<test id="s1-t4" name="Test case 4" line="33">
<kw name="Click 'add invoices' on navigation bar">
<msg time="2024-09-25T16:44:49.418533" level="FAIL">No keyword with name 'Click 'add invoices' on navigation bar' found.</msg>
<status status="FAIL" start="2024-09-25T16:44:49.418533" elapsed="0.000000">No keyword with name 'Click 'add invoices' on navigation bar' found.</status>
</kw>
<kw name="Enter valid invoice details">
<status status="NOT RUN" start="2024-09-25T16:44:49.418533" elapsed="0.000000"/>
</kw>
<kw name="Cancel invoice">
<status status="NOT RUN" start="2024-09-25T16:44:49.418533" elapsed="0.000000"/>
</kw>
<doc>Cancel invoice</doc>
<tag>Smoke</tag>
<status status="FAIL" start="2024-09-25T16:44:49.416537" elapsed="0.002993">No keyword with name 'Click 'add invoices' on navigation bar' found.</status>
</test>
<test id="s1-t5" name="Test case 5" line="41">
<kw name="End test">
<msg time="2024-09-25T16:44:49.421545" level="FAIL">No keyword with name 'End test' found.</msg>
<status status="FAIL" start="2024-09-25T16:44:49.421545" elapsed="0.000000">No keyword with name 'End test' found.</status>
</kw>
<doc>Cleanup</doc>
<tag>Smoke</tag>
<status status="FAIL" start="2024-09-25T16:44:49.420527" elapsed="0.001018">No keyword with name 'End test' found.</status>
</test>
<status status="FAIL" start="2024-09-25T16:44:48.576351" elapsed="0.846173"/>
</suite>
<statistics>
<total>
<stat pass="0" fail="5" skip="0">All Tests</stat>
</total>
<tag>
<stat pass="0" fail="5" skip="0">Smoke</stat>
</tag>
<suite>
<stat pass="0" fail="5" skip="0" id="s1" name="Keyword Demo Invoice App">Keyword Demo Invoice App</stat>
</suite>
</statistics>
<errors>
<msg time="2024-09-25T16:44:49.402597" level="ERROR">Error in file 'C:\Users\jason\PycharmProjects\robot_test_framework\Jason_Robot_Framework\tests\Web_UI\keyword_demo\keyword_demo_invoice_app.robot' on line 3: Resource file 'C:UsersjasonPycharmProjectsobot_test_frameworkJason_Robot_Frameworkesourcescommon.robot' does not exist.</msg>
</errors>
</robot>
